This is pdfTeX, Version 3.14159265-2.6-1.40.21 (MiKTeX 2.9.7300 64-bit) (preloaded format=pdflatex 2020.2.13)  13 FEB 2020 16:19
entering extended mode
**c:/Users/JM/Documents/GitHub/finineq/Paper/elsarticle.tex
(c:/Users/JM/Documents/GitHub/finineq/Paper/elsarticle.tex
LaTeX2e <2020-02-02> patch level 1
L3 programming layer <2020-02-08> ("C:\Program Files\MiKTeX 2.9\tex/latex/elsarticle\elsarticle.cls"
Document Class: elsarticle 2019/02/25, 3.2: Elsevier Ltd
\@bls=\dimen134
("C:\Program Files\MiKTeX 2.9\tex/latex/base\article.cls"
Document Class: article 2019/12/20 v1.4l Standard LaTeX document class
("C:\Program Files\MiKTeX 2.9\tex/latex/base\size10.clo"
File: size10.clo 2019/12/20 v1.4l Standard LaTeX file (size option)
)
\c@part=\count167
\c@section=\count168
\c@subsection=\count169
\c@subsubsection=\count170
\c@paragraph=\count171
\c@subparagraph=\count172
\c@figure=\count173
\c@table=\count174
\abovecaptionskip=\skip47
\belowcaptionskip=\skip48
\bibindent=\dimen135
) ("C:\Program Files\MiKTeX 2.9\tex/latex/graphics\graphicx.sty"
Package: graphicx 2019/11/30 v1.2a Enhanced LaTeX Graphics (DPC,SPQR)
 ("C:\Program Files\MiKTeX 2.9\tex/latex/graphics\keyval.sty"
Package: keyval 2014/10/28 v1.15 key=value parser (DPC)
\KV@toks@=\toks14
) ("C:\Program Files\MiKTeX 2.9\tex/latex/graphics\graphics.sty"
Package: graphics 2019/11/30 v1.4a Standard LaTeX Graphics (DPC,SPQR)
 ("C:\Program Files\MiKTeX 2.9\tex/latex/graphics\trig.sty"
Package: trig 2016/01/03 v1.10 sin cos tan (DPC)
) ("C:\Program Files\MiKTeX 2.9\tex/latex/graphics-cfg\graphics.cfg"
File: graphics.cfg 2016/06/04 v1.11 sample graphics configuration
)
Package graphics Info: Driver file: pdftex.def on input line 105.
 ("C:\Program Files\MiKTeX 2.9\tex/latex/graphics-def\pdftex.def"
File: pdftex.def 2018/01/08 v1.0l Graphics/color driver for pdftex
))
\Gin@req@height=\dimen136
\Gin@req@width=\dimen137
)
\c@tnote=\count175
\c@fnote=\count176
\c@cnote=\count177
\c@ead=\count178
\c@author=\count179
\@eadauthor=\toks15
\c@affn=\count180
\absbox=\box45
\elsarticlehighlightsbox=\box46
\elsarticlegrabsbox=\box47
\keybox=\box48
\Columnwidth=\dimen138
\space@left=\dimen139
\els@boxa=\box49
\els@boxb=\box50
\leftMargin=\dimen140
\@enLab=\toks16
\@sep=\skip49
\@@sep=\skip50
 (elsarticle.spl)
\splwrite=\write3
\openout3 = `elsarticle.spl'.

\appnamewidth=\dimen141
) ("C:\Program Files\MiKTeX 2.9\tex/latex/biblatex\biblatex.sty"
Package: biblatex 2019/12/01 v3.14 programmable bibliographies (PK/MW)
 ("C:\Program Files\MiKTeX 2.9\tex/latex/pdftexcmds\pdftexcmds.sty"
Package: pdftexcmds 2019/11/24 v0.31 Utility functions of pdfTeX for LuaTeX (HO)
 ("C:\Program Files\MiKTeX 2.9\tex/generic/infwarerr\infwarerr.sty"
Package: infwarerr 2019/12/03 v1.5 Providing info/warning/error messages (HO)
) ("C:\Program Files\MiKTeX 2.9\tex/generic/iftex\iftex.sty"
Package: iftex 2019/11/07 v1.0c TeX engine tests
) ("C:\Program Files\MiKTeX 2.9\tex/generic/ltxcmds\ltxcmds.sty"
Package: ltxcmds 2019/12/15 v1.24 LaTeX kernel commands for general use (HO)
)
Package pdftexcmds Info: \pdf@primitive is available.
Package pdftexcmds Info: \pdf@ifprimitive is available.
Package pdftexcmds Info: \pdfdraftmode found.
) ("C:\Program Files\MiKTeX 2.9\tex/latex/etoolbox\etoolbox.sty"
Package: etoolbox 2019/09/21 v2.5h e-TeX tools for LaTeX (JAW)
\etb@tempcnta=\count181
) ("C:\Program Files\MiKTeX 2.9\tex/latex/kvoptions\kvoptions.sty"
Package: kvoptions 2019/11/29 v3.13 Key value format for package options (HO)
 ("C:\Program Files\MiKTeX 2.9\tex/generic/kvsetkeys\kvsetkeys.sty"
Package: kvsetkeys 2019/12/15 v1.18 Key value parser (HO)
)) ("C:\Program Files\MiKTeX 2.9\tex/latex/logreq\logreq.sty"
Package: logreq 2010/08/04 v1.0 xml request logger
\lrq@indent=\count182
 ("C:\Program Files\MiKTeX 2.9\tex/latex/logreq\logreq.def"
File: logreq.def 2010/08/04 v1.0 logreq spec v1.0
)) ("C:\Program Files\MiKTeX 2.9\tex/latex/base\ifthen.sty"
Package: ifthen 2014/09/29 v1.1c Standard LaTeX ifthen package (DPC)
) ("C:\Program Files\MiKTeX 2.9\tex/latex/url\url.sty"
\Urlmuskip=\muskip16
Package: url 2013/09/16  ver 3.4  Verb mode for urls, etc.
)
\c@tabx@nest=\count183
\c@listtotal=\count184
\c@listcount=\count185
\c@liststart=\count186
\c@liststop=\count187
\c@citecount=\count188
\c@citetotal=\count189
\c@multicitecount=\count190
\c@multicitetotal=\count191
\c@instcount=\count192
\c@maxnames=\count193
\c@minnames=\count194
\c@maxitems=\count195
\c@minitems=\count196
\c@citecounter=\count197
\c@maxcitecounter=\count198
\c@savedcitecounter=\count199
\c@uniquelist=\count266
\c@uniquename=\count267
\c@refsection=\count268
\c@refsegment=\count269
\c@maxextratitle=\count270
\c@maxextratitleyear=\count271
\c@maxextraname=\count272
\c@maxextradate=\count273
\c@maxextraalpha=\count274
\c@abbrvpenalty=\count275
\c@highnamepenalty=\count276
\c@lownamepenalty=\count277
\c@maxparens=\count278
\c@parenlevel=\count279
\blx@tempcnta=\count280
\blx@tempcntb=\count281
\blx@tempcntc=\count282
\blx@maxsection=\count283
\blx@maxsegment@0=\count284
\blx@notetype=\count285
\blx@parenlevel@text=\count286
\blx@parenlevel@foot=\count287
\blx@sectionciteorder@0=\count288
\blx@entrysetcounter=\count289
\labelnumberwidth=\skip51
\labelalphawidth=\skip52
\biblabelsep=\skip53
\bibitemsep=\skip54
\bibnamesep=\skip55
\bibinitsep=\skip56
\bibparsep=\skip57
\bibhang=\skip58
\blx@bcfin=\read2
\blx@bcfout=\write4
\blx@langwohyphens=\language82
\c@mincomprange=\count290
\c@maxcomprange=\count291
\c@mincompwidth=\count292
Package biblatex Info: Trying to load biblatex default data model...
Package biblatex Info: ... file 'blx-dm.def' found.
 ("C:\Program Files\MiKTeX 2.9\tex/latex/biblatex\blx-dm.def"
File: blx-dm.def 2019/12/01 v3.14 biblatex localization (PK/MW)
)
Package biblatex Info: Trying to load biblatex style data model...
Package biblatex Info: ... file 'apa.dbx' found.
 ("C:\Program Files\MiKTeX 2.9\tex/latex/biblatex-apa\apa.dbx"
File: apa.dbx 2020/02/01 v9.5 APA biblatex style data model
)
Package biblatex Info: Trying to load biblatex custom data model...
Package biblatex Info: ... file 'biblatex-dm.cfg' not found.
\c@afterword=\count293
\c@savedafterword=\count294
\c@annotator=\count295
\c@savedannotator=\count296
\c@author=\count297
\c@savedauthor=\count298
\c@bookauthor=\count299
\c@savedbookauthor=\count300
\c@commentator=\count301
\c@savedcommentator=\count302
\c@editor=\count303
\c@savededitor=\count304
\c@editora=\count305
\c@savededitora=\count306
\c@editorb=\count307
\c@savededitorb=\count308
\c@editorc=\count309
\c@savededitorc=\count310
\c@foreword=\count311
\c@savedforeword=\count312
\c@holder=\count313
\c@savedholder=\count314
\c@introduction=\count315
\c@savedintroduction=\count316
\c@namea=\count317
\c@savednamea=\count318
\c@nameb=\count319
\c@savednameb=\count320
\c@namec=\count321
\c@savednamec=\count322
\c@translator=\count323
\c@savedtranslator=\count324
\c@shortauthor=\count325
\c@savedshortauthor=\count326
\c@shorteditor=\count327
\c@savedshorteditor=\count328
\c@groupauthor=\count329
\c@savedgroupauthor=\count330
\c@narrator=\count331
\c@savednarrator=\count332
\c@execproducer=\count333
\c@savedexecproducer=\count334
\c@execdirector=\count335
\c@savedexecdirector=\count336
\c@with=\count337
\c@savedwith=\count338
\c@labelname=\count339
\c@savedlabelname=\count340
\c@institution=\count341
\c@savedinstitution=\count342
\c@lista=\count343
\c@savedlista=\count344
\c@listb=\count345
\c@savedlistb=\count346
\c@listc=\count347
\c@savedlistc=\count348
\c@listd=\count349
\c@savedlistd=\count350
\c@liste=\count351
\c@savedliste=\count352
\c@listf=\count353
\c@savedlistf=\count354
\c@location=\count355
\c@savedlocation=\count356
\c@organization=\count357
\c@savedorganization=\count358
\c@origlocation=\count359
\c@savedoriglocation=\count360
\c@origpublisher=\count361
\c@savedorigpublisher=\count362
\c@publisher=\count363
\c@savedpublisher=\count364
\c@language=\count365
\c@savedlanguage=\count366
\c@origlanguage=\count367
\c@savedoriglanguage=\count368
\c@citation=\count369
\c@savedcitation=\count370
\c@pageref=\count371
\c@savedpageref=\count372
\shorthandwidth=\skip59
\shortjournalwidth=\skip60
\shortserieswidth=\skip61
\shorttitlewidth=\skip62
\shortauthorwidth=\skip63
\shorteditorwidth=\skip64
\locallabelnumberwidth=\skip65
\locallabelalphawidth=\skip66
\localshorthandwidth=\skip67
\localshortjournalwidth=\skip68
\localshortserieswidth=\skip69
\localshorttitlewidth=\skip70
\localshortauthorwidth=\skip71
\localshorteditorwidth=\skip72
Package biblatex Info: Trying to load compatibility code...
Package biblatex Info: ... file 'blx-compat.def' found.
 ("C:\Program Files\MiKTeX 2.9\tex/latex/biblatex\blx-compat.def"
File: blx-compat.def 2019/12/01 v3.14 biblatex compatibility (PK/MW)
)
Package biblatex Info: Trying to load generic definitions...
Package biblatex Info: ... file 'biblatex.def' found.
 ("C:\Program Files\MiKTeX 2.9\tex/latex/biblatex\biblatex.def"
File: biblatex.def 2019/12/01 v3.14 biblatex compatibility (PK/MW)
\c@textcitecount=\count373
\c@textcitetotal=\count374
\c@textcitemaxnames=\count375
\c@biburlbigbreakpenalty=\count376
\c@biburlbreakpenalty=\count377
\c@biburlnumpenalty=\count378
\c@biburlucpenalty=\count379
\c@biburllcpenalty=\count380
\biburlbigskip=\muskip17
\biburlnumskip=\muskip18
\biburlucskip=\muskip19
\biburllcskip=\muskip20
\c@smartand=\count381
)
Package biblatex Info: Trying to load bibliography style 'apa'...
Package biblatex Info: ... file 'apa.bbx' found.
 ("C:\Program Files\MiKTeX 2.9\tex/latex/biblatex-apa\apa.bbx"
File: apa.bbx 2020/02/01 v9.5 APA biblatex references style
Package biblatex Info: Trying to load bibliography style 'standard'...
Package biblatex Info: ... file 'standard.bbx' found.
 ("C:\Program Files\MiKTeX 2.9\tex/latex/biblatex/bbx\standard.bbx"
File: standard.bbx 2019/12/01 v3.14 biblatex bibliography style (PK/MW)
\c@bbx:relatedcount=\count382
\c@bbx:relatedtotal=\count383
))
Package biblatex Info: Trying to load citation style 'apa'...
Package biblatex Info: ... file 'apa.cbx' found.
 ("C:\Program Files\MiKTeX 2.9\tex/latex/biblatex-apa\apa.cbx"
File: apa.cbx 2020/02/01 v9.5 APA biblatex citation style
Package biblatex Info: Delimiter 'nameyeardelim' in context '' already defined, overwriting.
Package biblatex Info: Delimiter 'nameyeardelim' in context 'textcite' already defined, overwriting.
Package biblatex Info: Delimiter 'andothersdelim' in context '' already defined, overwriting.
Package biblatex Info: Redefining '\parencite'.
Package biblatex Info: Redefining '\fullcite'.
Package biblatex Info: Redefining '\citeyear'.
Package biblatex Info: Redefining '\cite'.
Package biblatex Info: Redefining '\footcite'.
Package biblatex Info: Redefining '\textcites'.
Package biblatex Info: Redefining '\cites'.
Package biblatex Info: Redefining '\parencites'.
Package biblatex Info: Redefining '\footcites'.
Package biblatex Info: Redefining '\footcitetexts'.
Package biblatex Info: Redefining '\smartcites'.
Package biblatex Info: Redefining '\textcite'.
Package biblatex Info: Redefining '\citeauthor'.
)
Package biblatex Info: Trying to load configuration file...
Package biblatex Info: ... file 'biblatex.cfg' found.
 ("C:\Program Files\MiKTeX 2.9\tex/latex/biblatex\biblatex.cfg"
File: biblatex.cfg 
)) ("C:\Program Files\MiKTeX 2.9\tex/latex/lineno\lineno.sty"
Package: lineno 2005/11/02 line numbers on paragraphs v4.41
\linenopenalty=\count384
\output=\toks17
\linenoprevgraf=\count385
\linenumbersep=\dimen142
\linenumberwidth=\dimen143
\c@linenumber=\count386
\c@pagewiselinenumber=\count387
\c@LN@truepage=\count388
\c@internallinenumber=\count389
\c@internallinenumbers=\count390
\quotelinenumbersep=\dimen144
\bframerule=\dimen145
\bframesep=\dimen146
\bframebox=\box51
LaTeX Info: Redefining \\ on input line 3056.
) ("C:\Program Files\MiKTeX 2.9\tex/latex/hyperref\hyperref.sty"
Package: hyperref 2020/01/14 v7.00d Hypertext links for LaTeX
 ("C:\Program Files\MiKTeX 2.9\tex/generic/kvdefinekeys\kvdefinekeys.sty"
Package: kvdefinekeys 2019-12-19 v1.6 Define keys (HO)
) ("C:\Program Files\MiKTeX 2.9\tex/generic/pdfescape\pdfescape.sty"
Package: pdfescape 2019/12/09 v1.15 Implements pdfTeX's escape features (HO)
) ("C:\Program Files\MiKTeX 2.9\tex/latex/hycolor\hycolor.sty"
Package: hycolor 2020-01-27 v1.10 Color options for hyperref/bookmark (HO)
) ("C:\Program Files\MiKTeX 2.9\tex/latex/letltxmacro\letltxmacro.sty"
Package: letltxmacro 2019/12/03 v1.6 Let assignment for LaTeX macros (HO)
) ("C:\Program Files\MiKTeX 2.9\tex/latex/auxhook\auxhook.sty"
Package: auxhook 2019-12-17 v1.6 Hooks for auxiliary files (HO)
)
\@linkdim=\dimen147
\Hy@linkcounter=\count391
\Hy@pagecounter=\count392
 ("C:\Program Files\MiKTeX 2.9\tex/latex/hyperref\pd1enc.def"
File: pd1enc.def 2020/01/14 v7.00d Hyperref: PDFDocEncoding definition (HO)
Now handling font encoding PD1 ...
... no UTF-8 mapping file for font encoding PD1
) ("C:\Program Files\MiKTeX 2.9\tex/generic/intcalc\intcalc.sty"
Package: intcalc 2019/12/15 v1.3 Expandable calculations with integers (HO)
) ("C:\Program Files\MiKTeX 2.9\tex/generic/etexcmds\etexcmds.sty"
Package: etexcmds 2019/12/15 v1.7 Avoid name clashes with e-TeX commands (HO)
)
\Hy@SavedSpaceFactor=\count393
Package hyperref Info: Hyper figures OFF on input line 4547.
Package hyperref Info: Link nesting OFF on input line 4552.
Package hyperref Info: Hyper index ON on input line 4555.
Package hyperref Info: Plain pages OFF on input line 4562.
Package hyperref Info: Backreferencing OFF on input line 4567.
Package hyperref Info: Implicit mode ON; LaTeX internals redefined.
Package hyperref Info: Bookmarks ON on input line 4800.
\c@Hy@tempcnt=\count394
LaTeX Info: Redefining \url on input line 5159.
\XeTeXLinkMargin=\dimen148
 ("C:\Program Files\MiKTeX 2.9\tex/generic/bitset\bitset.sty"
Package: bitset 2019/12/09 v1.3 Handle bit-vector datatype (HO)
 ("C:\Program Files\MiKTeX 2.9\tex/generic/bigintcalc\bigintcalc.sty"
Package: bigintcalc 2019/12/15 v1.5 Expandable calculations on big integers (HO)
))
\Fld@menulength=\count395
\Field@Width=\dimen149
\Fld@charsize=\dimen150
Package hyperref Info: Hyper figures OFF on input line 6430.
Package hyperref Info: Link nesting OFF on input line 6435.
Package hyperref Info: Hyper index ON on input line 6438.
Package hyperref Info: backreferencing OFF on input line 6445.
Package hyperref Info: Link coloring OFF on input line 6450.
Package hyperref Info: Link coloring with OCG OFF on input line 6455.
Package hyperref Info: PDF/A mode OFF on input line 6460.
LaTeX Info: Redefining \ref on input line 6500.
LaTeX Info: Redefining \pageref on input line 6504.
 ("C:\Program Files\MiKTeX 2.9\tex/generic/atbegshi\atbegshi.sty"
Package: atbegshi 2019/12/05 v1.19 At begin shipout hook (HO)
)
\Hy@abspage=\count396
\c@Item=\count397
\c@Hfootnote=\count398
)
Package hyperref Info: Driver (autodetected): hpdftex.
 ("C:\Program Files\MiKTeX 2.9\tex/latex/hyperref\hpdftex.def"
File: hpdftex.def 2020/01/14 v7.00d Hyperref driver for pdfTeX
 ("C:\Program Files\MiKTeX 2.9\tex/latex/atveryend\atveryend.sty"
Package: atveryend 2019-12-11 v1.11 Hooks at the very end of document (HO)
)
\Fld@listcount=\count399
\c@bookmark@seq@number=\count400
 ("C:\Program Files\MiKTeX 2.9\tex/latex/rerunfilecheck\rerunfilecheck.sty"
Package: rerunfilecheck 2019/12/05 v1.9 Rerun checks for auxiliary files (HO)
 ("C:\Program Files\MiKTeX 2.9\tex/generic/uniquecounter\uniquecounter.sty"
Package: uniquecounter 2019/12/15 v1.4 Provide unlimited unique counter (HO)
)
Package uniquecounter Info: New unique counter `rerunfilecheck' on input line 286.
)
\Hy@SectionHShift=\skip73
) ("C:\Program Files\MiKTeX 2.9\tex/latex/acronym\acronym.sty"
Package: acronym 2019/11/11 v1.42 Support for acronyms (Tobias Oetiker)
 ("C:\Program Files\MiKTeX 2.9\tex/latex/bigfoot\suffix.sty"
Package: suffix 2006/07/15 1.5a Variant command support
) ("C:\Program Files\MiKTeX 2.9\tex/latex/xstring\xstring.sty" ("C:\Program Files\MiKTeX 2.9\tex/generic/xstring\xstring.tex"
\integerpart=\count401
\decimalpart=\count402
)
Package: xstring 2019/02/06 v1.83 String manipulations (CT)
)
\AC@clearlist=\toks18
) ("C:\Program Files\MiKTeX 2.9\tex/latex/booktabs\booktabs.sty"
Package: booktabs 2020/01/12 v1.61803398 Publication quality tables
\heavyrulewidth=\dimen151
\lightrulewidth=\dimen152
\cmidrulewidth=\dimen153
\belowrulesep=\dimen154
\belowbottomsep=\dimen155
\aboverulesep=\dimen156
\abovetopsep=\dimen157
\cmidrulesep=\dimen158
\cmidrulekern=\dimen159
\defaultaddspace=\dimen160
\@cmidla=\count403
\@cmidlb=\count404
\@aboverulesep=\dimen161
\@belowrulesep=\dimen162
\@thisruleclass=\count405
\@lastruleclass=\count406
\@thisrulewidth=\dimen163
) ("C:\Program Files\MiKTeX 2.9\tex/latex/setspace\setspace.sty"
Package: setspace 2011/12/19 v6.7a set line spacing
) ("C:\Program Files\MiKTeX 2.9\tex/latex/epstopdf-pkg\epstopdf.sty"
Package: epstopdf 2020-01-24 v2.11 Conversion with epstopdf on the fly (HO)
 ("C:\Program Files\MiKTeX 2.9\tex/latex/grfext\grfext.sty"
Package: grfext 2019/12/03 v1.3 Manage graphics extensions (HO)
) ("C:\Program Files\MiKTeX 2.9\tex/latex/epstopdf-pkg\epstopdf-base.sty"
Package: epstopdf-base 2020-01-24 v2.11 Base part for package epstopdf
Package epstopdf-base Info: Redefining graphics rule for `.eps' on input line 485.
Package grfext Info: Graphics extension search list:
(grfext)             [.pdf,.png,.jpg,.mps,.jpeg,.jbig2,.jb2,.PDF,.PNG,.JPG,.JPEG,.JBIG2,.JB2,.eps]
(grfext)             \AppendGraphicsExtensions on input line 504.
)) ("C:\Program Files\MiKTeX 2.9\tex/latex/tools\longtable.sty"
Package: longtable 2020/01/07 v4.13 Multi-page Table package (DPC)
\LTleft=\skip74
\LTright=\skip75
\LTpre=\skip76
\LTpost=\skip77
\LTchunksize=\count407
\LTcapwidth=\dimen164
\LT@head=\box52
\LT@firsthead=\box53
\LT@foot=\box54
\LT@lastfoot=\box55
\LT@cols=\count408
\LT@rows=\count409
\c@LT@tables=\count410
\c@LT@chunks=\count411
\LT@p@ftn=\toks19
) ("C:\Program Files\MiKTeX 2.9\tex/latex/multirow\multirow.sty"
Package: multirow 2019/05/31 v2.5 Span multiple rows of a table
\multirow@colwidth=\skip78
\multirow@cntb=\count412
\multirow@dima=\skip79
\bigstrutjot=\dimen165
)
\@quotelevel=\count413
\@quotereset=\count414
 ("C:\Program Files\MiKTeX 2.9\tex/latex/l3backend\l3backend-pdfmode.def"
File: l3backend-pdfmode.def 2020-02-03 L3 backend support: PDF mode
\l__kernel_color_stack_int=\count415
\l__pdf_internal_box=\box56
) (elsarticle.aux)
\openout1 = `elsarticle.aux'.

LaTeX Font Info:    Checking defaults for OML/cmm/m/it on input line 115.
LaTeX Font Info:    ... okay on input line 115.
LaTeX Font Info:    Checking defaults for OMS/cmsy/m/n on input line 115.
LaTeX Font Info:    ... okay on input line 115.
LaTeX Font Info:    Checking defaults for OT1/cmr/m/n on input line 115.
LaTeX Font Info:    ... okay on input line 115.
LaTeX Font Info:    Checking defaults for T1/cmr/m/n on input line 115.
LaTeX Font Info:    ... okay on input line 115.
LaTeX Font Info:    Checking defaults for TS1/cmr/m/n on input line 115.
LaTeX Font Info:    ... okay on input line 115.
LaTeX Font Info:    Checking defaults for OMX/cmex/m/n on input line 115.
LaTeX Font Info:    ... okay on input line 115.
LaTeX Font Info:    Checking defaults for U/cmr/m/n on input line 115.
LaTeX Font Info:    ... okay on input line 115.
LaTeX Font Info:    Checking defaults for PD1/pdf/m/n on input line 115.
LaTeX Font Info:    ... okay on input line 115.
 ("C:\Program Files\MiKTeX 2.9\tex/context/base/mkii\supp-pdf.mkii"
[Loading MPS to PDF converter (version 2006.09.02).]
\scratchcounter=\count416
\scratchdimen=\dimen166
\scratchbox=\box57
\nofMPsegments=\count417
\nofMParguments=\count418
\everyMPshowfont=\toks20
\MPscratchCnt=\count419
\MPscratchDim=\dimen167
\MPnumerator=\count420
\makeMPintoPDFobject=\count421
\everyMPtoPDFconversion=\toks21
)
Package biblatex Info: Trying to load language 'english' -> 'english-apa'...
Package biblatex Info: ... file 'english-apa.lbx' found.
 ("C:\Program Files\MiKTeX 2.9\tex/latex/biblatex-apa\english-apa.lbx"
File: english-apa.lbx 2020/02/01 v9.5 APA biblatex localisation
Package biblatex Info: Trying to load language 'english'...
Package biblatex Info: ... file 'english.lbx' found.
 ("C:\Program Files\MiKTeX 2.9\tex/latex/biblatex/lbx\english.lbx"
File: english.lbx 2019/12/01 v3.14 biblatex localization (PK/MW)
)
Package biblatex Info: Trying to load language 'american' -> 'american-apa'...
Package biblatex Info: ... file 'american-apa.lbx' found.
 ("C:\Program Files\MiKTeX 2.9\tex/latex/biblatex-apa\american-apa.lbx"
File: american-apa.lbx 2020/02/01 v9.5 APA biblatex localisation
Package biblatex Info: Trying to load language 'american'...
Package biblatex Info: ... file 'american.lbx' found.
 ("C:\Program Files\MiKTeX 2.9\tex/latex/biblatex/lbx\american.lbx"
File: american.lbx 2019/12/01 v3.14 biblatex localization (PK/MW)
Package biblatex Info: Trying to load language 'english'...
Package biblatex Info: ... file 'english.lbx' found.
 ("C:\Program Files\MiKTeX 2.9\tex/latex/biblatex/lbx\english.lbx"
File: english.lbx 2019/12/01 v3.14 biblatex localization (PK/MW)
))))
Package biblatex Info: Input encoding 'utf8' detected.
Package biblatex Info: Automatic encoding selection.
(biblatex)             Assuming data encoding 'utf8'.
\openout4 = `elsarticle.bcf'.

Package biblatex Info: Trying to load bibliographic data...
Package biblatex Info: ... file 'elsarticle.bbl' found.
 (elsarticle.bbl)
Package biblatex Info: Reference section=0 on input line 115.
Package biblatex Info: Reference segment=0 on input line 115.
\AtBeginShipoutBox=\box58
Package hyperref Info: Link coloring OFF on input line 115.
 ("C:\Program Files\MiKTeX 2.9\tex/latex/hyperref\nameref.sty"
Package: nameref 2019/09/16 v2.46 Cross-referencing by name of section
 ("C:\Program Files\MiKTeX 2.9\tex/latex/refcount\refcount.sty"
Package: refcount 2019/12/15 v3.6 Data extraction from label references (HO)
) ("C:\Program Files\MiKTeX 2.9\tex/generic/gettitlestring\gettitlestring.sty"
Package: gettitlestring 2019/12/15 v1.6 Cleanup title references (HO)
)
\c@section@level=\count422
)
LaTeX Info: Redefining \ref on input line 115.
LaTeX Info: Redefining \pageref on input line 115.
LaTeX Info: Redefining \nameref on input line 115.
 (elsarticle.out) (elsarticle.out)
\@outlinefile=\write5
\openout5 = `elsarticle.out'.

LaTeX Font Info:    External font `cmex10' loaded for size
(Font)              <8> on input line 142.
LaTeX Font Info:    External font `cmex10' loaded for size
(Font)              <6> on input line 142.
LaTeX Font Info:    External font `cmex10' loaded for size
(Font)              <5> on input line 142.
LaTeX Font Info:    External font `cmex10' loaded for size
(Font)              <14.4> on input line 142.
LaTeX Font Info:    External font `cmex10' loaded for size
(Font)              <7> on input line 142.

Overfull \hbox (2.22221pt too wide) has occurred while \output is active
[] 
 []

[1


{C:/Users/JM/AppData/Local/MiKTeX/2.9/pdftex/config/pdftex.map}]
Package acronym Info: Label `acro:US' newly defined as it shall be overridden
although it is yet undefined on input line 154.
 [2]
Package acronym Info: Label `acro:WALS' newly defined as it shall be overridden
although it is yet undefined on input line 161.
Package acronym Info: Label `acro:SWIID' newly defined as it shall be overridden
although it is yet undefined on input line 176.
Package acronym Info: Label `acro:WIID' newly defined as it shall be overridden
although it is yet undefined on input line 176.
Package acronym Info: Label `acro:LIS' newly defined as it shall be overridden
although it is yet undefined on input line 176.
 [3]
Package acronym Info: Label `acro:WID' newly defined as it shall be overridden
although it is yet undefined on input line 178.
Package acronym Info: Label `acro:DINA' newly defined as it shall be overridden
although it is yet undefined on input line 178.
Package acronym Info: Label `acro:GDP' newly defined as it shall be overridden
although it is yet undefined on input line 180.
 [4]
LaTeX Font Info:    External font `cmex10' loaded for size
(Font)              <9> on input line 205.
Package acronym Info: Label `acro:GFDD' newly defined as it shall be overridden
although it is yet undefined on input line 245.
Package epstopdf Info: Source file: <figures/plots_ineq.eps>
(epstopdf)                    date: 2020-01-14 10:45:46
(epstopdf)                    size: 247040 bytes
(epstopdf)             Output file: <figures/plots_ineq-eps-converted-to.pdf>
(epstopdf)                    date: 2020-02-12 16:12:00
(epstopdf)                    size: 50487 bytes
(epstopdf)             Command: <epstopdf --outfile=figures/plots_ineq-eps-converted-to.pdf figures/plots_ineq.eps>
(epstopdf)             \includegraphics on input line 249.
Package epstopdf Info: Output file is already uptodate.


pdfTeX warning: pdflatex (file ./figures/plots_ineq-eps-converted-to.pdf): PDF inclusion: found PDF version <1.7>, but at most version <1.5> allowed
<figures/plots_ineq-eps-converted-to.pdf, id=149, 722.7pt x 361.35pt>
File: figures/plots_ineq-eps-converted-to.pdf Graphic file (type pdf)
<use figures/plots_ineq-eps-converted-to.pdf>
Package pdftex.def Info: figures/plots_ineq-eps-converted-to.pdf  used on input line 249.
(pdftex.def)             Requested size: 276.00105pt x 137.99812pt.
[5]
Package acronym Info: Label `acro:BMA' newly defined as it shall be overridden
although it is yet undefined on input line 264.
Package acronym Info: Label `acro:UIP' newly defined as it shall be overridden
although it is yet undefined on input line 264.
Package acronym Info: Label `acro:BRIC' newly defined as it shall be overridden
although it is yet undefined on input line 264.
 [6 <./figures/plots_ineq-eps-converted-to.pdf>]
Package epstopdf Info: Source file: <figures/plots_findev_gini_dm.eps>
(epstopdf)                    date: 2020-01-14 20:20:52
(epstopdf)                    size: 450732 bytes
(epstopdf)             Output file: <figures/plots_findev_gini_dm-eps-converted-to.pdf>
(epstopdf)                    date: 2020-02-12 16:12:02
(epstopdf)                    size: 82328 bytes
(epstopdf)             Command: <epstopdf --outfile=figures/plots_findev_gini_dm-eps-converted-to.pdf figures/plots_findev_gini_dm.eps>
(epstopdf)             \includegraphics on input line 275.
Package epstopdf Info: Output file is already uptodate.


pdfTeX warning: pdflatex (file ./figures/plots_findev_gini_dm-eps-converted-to.pdf): PDF inclusion: found PDF version <1.7>, but at most version <1.5> allowed
<figures/plots_findev_gini_dm-eps-converted-to.pdf, id=188, 650.43pt x 650.43pt>
File: figures/plots_findev_gini_dm-eps-converted-to.pdf Graphic file (type pdf)
<use figures/plots_findev_gini_dm-eps-converted-to.pdf>
Package pdftex.def Info: figures/plots_findev_gini_dm-eps-converted-to.pdf  used on input line 275.
(pdftex.def)             Requested size: 276.00105pt x 276.00728pt.
Package acronym Info: Label `acro:PIP' newly defined as it shall be overridden
although it is yet undefined on input line 286.
[7 <./figures/plots_findev_gini_dm-eps-converted-to.pdf>]
Package acronym Info: Label `acro:PWT' newly defined as it shall be overridden
although it is yet undefined on input line 344.
 [8] [9] [10] [11]
Package epstopdf Info: Source file: <figures/comp_baseline_pip_sel.eps>
(epstopdf)                    date: 2020-01-14 18:57:11
(epstopdf)                    size: 106933 bytes
(epstopdf)             Output file: <figures/comp_baseline_pip_sel-eps-converted-to.pdf>
(epstopdf)                    date: 2020-02-12 16:12:03
(epstopdf)                    size: 37486 bytes
(epstopdf)             Command: <epstopdf --outfile=figures/comp_baseline_pip_sel-eps-converted-to.pdf figures/comp_baseline_pip_sel.eps>
(epstopdf)             \includegraphics on input line 413.
Package epstopdf Info: Output file is already uptodate.


pdfTeX warning: pdflatex (file ./figures/comp_baseline_pip_sel-eps-converted-to.pdf): PDF inclusion: found PDF version <1.7>, but at most version <1.5> allowed
<figures/comp_baseline_pip_sel-eps-converted-to.pdf, id=267, 650.43pt x 650.43pt>
File: figures/comp_baseline_pip_sel-eps-converted-to.pdf Graphic file (type pdf)
<use figures/comp_baseline_pip_sel-eps-converted-to.pdf>
Package pdftex.def Info: figures/comp_baseline_pip_sel-eps-converted-to.pdf  used on input line 413.
(pdftex.def)             Requested size: 276.00105pt x 276.00728pt.
Package epstopdf Info: Source file: <figures/topsh_comparison_all.eps>
(epstopdf)                    date: 2020-01-14 18:44:29
(epstopdf)                    size: 120791 bytes
(epstopdf)             Output file: <figures/topsh_comparison_all-eps-converted-to.pdf>
(epstopdf)                    date: 2020-02-12 16:12:04
(epstopdf)                    size: 41675 bytes
(epstopdf)             Command: <epstopdf --outfile=figures/topsh_comparison_all-eps-converted-to.pdf figures/topsh_comparison_all.eps>
(epstopdf)             \includegraphics on input line 424.
Package epstopdf Info: Output file is already uptodate.


pdfTeX warning: pdflatex (file ./figures/topsh_comparison_all-eps-converted-to.pdf): PDF inclusion: found PDF version <1.7>, but at most version <1.5> allowed
<figures/topsh_comparison_all-eps-converted-to.pdf, id=268, 650.43pt x 433.62pt>
File: figures/topsh_comparison_all-eps-converted-to.pdf Graphic file (type pdf)
<use figures/topsh_comparison_all-eps-converted-to.pdf>
Package pdftex.def Info: figures/topsh_comparison_all-eps-converted-to.pdf  used on input line 424.
(pdftex.def)             Requested size: 345.0pt x 230.00276pt.
[12]
Package epstopdf Info: Source file: <figures/model_priors_comparison_gini.eps>
(epstopdf)                    date: 2020-01-14 18:41:08
(epstopdf)                    size: 124171 bytes
(epstopdf)             Output file: <figures/model_priors_comparison_gini-eps-converted-to.pdf>
(epstopdf)                    date: 2020-02-12 16:12:05
(epstopdf)                    size: 42980 bytes
(epstopdf)             Command: <epstopdf --outfile=figures/model_priors_comparison_gini-eps-converted-to.pdf figures/model_priors_comparison_gini.eps>
(epstopdf)             \includegraphics on input line 488.
Package epstopdf Info: Output file is already uptodate.


pdfTeX warning: pdflatex (file ./figures/model_priors_comparison_gini-eps-converted-to.pdf): PDF inclusion: found PDF version <1.7>, but at most version <1.5> allowed
<figures/model_priors_comparison_gini-eps-converted-to.pdf, id=277, 650.43pt x 433.62pt>
File: figures/model_priors_comparison_gini-eps-converted-to.pdf Graphic file (type pdf)
<use figures/model_priors_comparison_gini-eps-converted-to.pdf>
Package pdftex.def Info: figures/model_priors_comparison_gini-eps-converted-to.pdf  used on input line 488.
(pdftex.def)             Requested size: 345.0pt x 230.00276pt.
Package epstopdf Info: Source file: <figures/model_priors_comparison_top10.eps>
(epstopdf)                    date: 2020-01-14 18:41:11
(epstopdf)                    size: 124178 bytes
(epstopdf)             Output file: <figures/model_priors_comparison_top10-eps-converted-to.pdf>
(epstopdf)                    date: 2020-02-12 16:12:06
(epstopdf)                    size: 43021 bytes
(epstopdf)             Command: <epstopdf --outfile=figures/model_priors_comparison_top10-eps-converted-to.pdf figures/model_priors_comparison_top10.eps>
(epstopdf)             \includegraphics on input line 495.
Package epstopdf Info: Output file is already uptodate.


pdfTeX warning: pdflatex (file ./figures/model_priors_comparison_top10-eps-converted-to.pdf): PDF inclusion: found PDF version <1.7>, but at most version <1.5> allowed
<figures/model_priors_comparison_top10-eps-converted-to.pdf, id=278, 650.43pt x 433.62pt>
File: figures/model_priors_comparison_top10-eps-converted-to.pdf Graphic file (type pdf)
<use figures/model_priors_comparison_top10-eps-converted-to.pdf>
Package pdftex.def Info: figures/model_priors_comparison_top10-eps-converted-to.pdf  used on input line 495.
(pdftex.def)             Requested size: 345.0pt x 230.00276pt.
Package epstopdf Info: Source file: <figures/model_priors_comparison_top1.eps>
(epstopdf)                    date: 2020-01-14 18:41:16
(epstopdf)                    size: 124233 bytes
(epstopdf)             Output file: <figures/model_priors_comparison_top1-eps-converted-to.pdf>
(epstopdf)                    date: 2020-02-12 16:12:07
(epstopdf)                    size: 42940 bytes
(epstopdf)             Command: <epstopdf --outfile=figures/model_priors_comparison_top1-eps-converted-to.pdf figures/model_priors_comparison_top1.eps>
(epstopdf)             \includegraphics on input line 502.
Package epstopdf Info: Output file is already uptodate.


pdfTeX warning: pdflatex (file ./figures/model_priors_comparison_top1-eps-converted-to.pdf): PDF inclusion: found PDF version <1.7>, but at most version <1.5> allowed
<figures/model_priors_comparison_top1-eps-converted-to.pdf, id=279, 650.43pt x 433.62pt>
File: figures/model_priors_comparison_top1-eps-converted-to.pdf Graphic file (type pdf)
<use figures/model_priors_comparison_top1-eps-converted-to.pdf>
Package pdftex.def Info: figures/model_priors_comparison_top1-eps-converted-to.pdf  used on input line 502.
(pdftex.def)             Requested size: 345.0pt x 230.00276pt.
[13 <./figures/comp_baseline_pip_sel-eps-converted-to.pdf>]

LaTeX Warning: Text page 14 contains only floats.

[14 <./figures/topsh_comparison_all-eps-converted-to.pdf> <./figures/model_priors_comparison_gini-eps-converted-to.pdf>] [15]

LaTeX Warning: Text page 16 contains only floats.

[16 <./figures/model_priors_comparison_top10-eps-converted-to.pdf> <./figures/model_priors_comparison_top1-eps-converted-to.pdf>] [17] [18

] [19] [20]pdfTeX warning (ext4): destination with the same identifier (name{table.1}) has been already used, duplicate ignored
<to be read again> 
                   \relax 
l.570 ...ents of Financial Development Indicators}
                                                   [21

]pdfTeX warning (ext4): destination with the same identifier (name{table.2}) has been already used, duplicate ignored
<to be read again> 
                   \relax 
l.610 ...le}{l p{0.50\linewidth} p{0.3\linewidth}}
                                                  
Overfull \hbox (35.51039pt too wide) in alignment at lines 610--634
 [] [] [] 
 []


Underfull \hbox (badness 1406) in paragraph at lines 650--650
[]|\OT1/cmr/m/n/8 return on banks' as-sets plus the ra-tio of
 []


Underfull \hbox (badness 1824) in paragraph at lines 650--650
\OT1/cmr/m/n/8 banks' eq-uity and as-sets, di-vided by the
 []


Overfull \hbox (35.51039pt too wide) in alignment at lines 634--656
 [] [] [] 
 []


Overfull \hbox (35.51039pt too wide) in alignment at lines 656--659
 [] [] [] 
 []

[22

]
Package atveryend Info: Empty hook `BeforeClearDocument' on input line 662.
 [23]
Package atveryend Info: Empty hook `AfterLastShipout' on input line 662.
 (elsarticle.aux)
Package atveryend Info: Executing hook `AtVeryEndDocument' on input line 662.


 *File List*
elsarticle.cls    2019/02/25, 3.2: Elsevier Ltd
 article.cls    2019/12/20 v1.4l Standard LaTeX document class
  size10.clo    2019/12/20 v1.4l Standard LaTeX file (size option)
graphicx.sty    2019/11/30 v1.2a Enhanced LaTeX Graphics (DPC,SPQR)
  keyval.sty    2014/10/28 v1.15 key=value parser (DPC)
graphics.sty    2019/11/30 v1.4a Standard LaTeX Graphics (DPC,SPQR)
    trig.sty    2016/01/03 v1.10 sin cos tan (DPC)
graphics.cfg    2016/06/04 v1.11 sample graphics configuration
  pdftex.def    2018/01/08 v1.0l Graphics/color driver for pdftex
elsarticle.spl
biblatex.sty    2019/12/01 v3.14 programmable bibliographies (PK/MW)
pdftexcmds.sty    2019/11/24 v0.31 Utility functions of pdfTeX for LuaTeX (HO)
infwarerr.sty    2019/12/03 v1.5 Providing info/warning/error messages (HO)
   iftex.sty    2019/11/07 v1.0c TeX engine tests
 ltxcmds.sty    2019/12/15 v1.24 LaTeX kernel commands for general use (HO)
etoolbox.sty    2019/09/21 v2.5h e-TeX tools for LaTeX (JAW)
kvoptions.sty    2019/11/29 v3.13 Key value format for package options (HO)
kvsetkeys.sty    2019/12/15 v1.18 Key value parser (HO)
  logreq.sty    2010/08/04 v1.0 xml request logger
  logreq.def    2010/08/04 v1.0 logreq spec v1.0
  ifthen.sty    2014/09/29 v1.1c Standard LaTeX ifthen package (DPC)
     url.sty    2013/09/16  ver 3.4  Verb mode for urls, etc.
  blx-dm.def    2019/12/01 v3.14 biblatex localization (PK/MW)
     apa.dbx    2020/02/01 v9.5 APA biblatex style data model
blx-compat.def    2019/12/01 v3.14 biblatex compatibility (PK/MW)
biblatex.def    2019/12/01 v3.14 biblatex compatibility (PK/MW)
standard.bbx    2019/12/01 v3.14 biblatex bibliography style (PK/MW)
     apa.bbx    2020/02/01 v9.5 APA biblatex references style
     apa.cbx    2020/02/01 v9.5 APA biblatex citation style
biblatex.cfg    
  lineno.sty    2005/11/02 line numbers on paragraphs v4.41
hyperref.sty    2020/01/14 v7.00d Hypertext links for LaTeX
kvdefinekeys.sty    2019-12-19 v1.6 Define keys (HO)
pdfescape.sty    2019/12/09 v1.15 Implements pdfTeX's escape features (HO)
 hycolor.sty    2020-01-27 v1.10 Color options for hyperref/bookmark (HO)
letltxmacro.sty    2019/12/03 v1.6 Let assignment for LaTeX macros (HO)
 auxhook.sty    2019-12-17 v1.6 Hooks for auxiliary files (HO)
  pd1enc.def    2020/01/14 v7.00d Hyperref: PDFDocEncoding definition (HO)
 intcalc.sty    2019/12/15 v1.3 Expandable calculations with integers (HO)
etexcmds.sty    2019/12/15 v1.7 Avoid name clashes with e-TeX commands (HO)
  bitset.sty    2019/12/09 v1.3 Handle bit-vector datatype (HO)
bigintcalc.sty    2019/12/15 v1.5 Expandable calculations on big integers (HO)
atbegshi.sty    2019/12/05 v1.19 At begin shipout hook (HO)
 hpdftex.def    2020/01/14 v7.00d Hyperref driver for pdfTeX
atveryend.sty    2019-12-11 v1.11 Hooks at the very end of document (HO)
rerunfilecheck.sty    2019/12/05 v1.9 Rerun checks for auxiliary files (HO)
uniquecounter.sty    2019/12/15 v1.4 Provide unlimited unique counter (HO)
 acronym.sty    2019/11/11 v1.42 Support for acronyms (Tobias Oetiker)
  suffix.sty    2006/07/15 1.5a Variant command support
 xstring.sty    2019/02/06 v1.83 String manipulations (CT)
booktabs.sty    2020/01/12 v1.61803398 Publication quality tables
setspace.sty    2011/12/19 v6.7a set line spacing
epstopdf.sty    2020-01-24 v2.11 Conversion with epstopdf on the fly (HO)
  grfext.sty    2019/12/03 v1.3 Manage graphics extensions (HO)
epstopdf-base.sty    2020-01-24 v2.11 Base part for package epstopdf
longtable.sty    2020/01/07 v4.13 Multi-page Table package (DPC)
multirow.sty    2019/05/31 v2.5 Span multiple rows of a table
l3backend-pdfmode.def    2020-02-03 L3 backend support: PDF mode
supp-pdf.mkii
 english.lbx    2019/12/01 v3.14 biblatex localization (PK/MW)
american.lbx    2019/12/01 v3.14 biblatex localization (PK/MW)
american-apa.lbx    2020/02/01 v9.5 APA biblatex localisation
english-apa.lbx    2020/02/01 v9.5 APA biblatex localisation
elsarticle.bbl
 nameref.sty    2019/09/16 v2.46 Cross-referencing by name of section
refcount.sty    2019/12/15 v3.6 Data extraction from label references (HO)
gettitlestring.sty    2019/12/15 v1.6 Cleanup title references (HO)
elsarticle.out
elsarticle.out
figures/plots_ineq-eps-converted-to.pdf
figures/plots_findev_gini_dm-eps-converted-to.pdf
figures/comp_baseline_pip_sel-eps-converted-to.pdf
figures/topsh_comparison_all-eps-converted-to.pdf
figures/model_priors_comparison_gini-eps-converted-to.pdf
figures/model_priors_comparison_top10-eps-converted-to.pdf
figures/model_priors_comparison_top1-eps-converted-to.pdf
 ***********

Package atveryend Info: Executing hook `AtEndAfterFileList' on input line 662.
Package rerunfilecheck Info: File `elsarticle.out' has not changed.
(rerunfilecheck)             Checksum: E18FF8162037F0AB08027FFA3C3D6730;447.
Package logreq Info: Writing requests to 'elsarticle.run.xml'.
\openout1 = `elsarticle.run.xml'.

 ) 
Here is how much of TeX's memory you used:
 14622 strings out of 481531
 259398 string characters out of 2922631
 993022 words of memory out of 3000000
 29561 multiletter control sequences out of 15000+200000
 538118 words of font info for 43 fonts, out of 3000000 for 9000
 1141 hyphenation exceptions out of 8191
 47i,9n,60p,2383b,4720s stack positions out of 5000i,500n,10000p,200000b,50000s
pdfTeX warning (dest): name{Hfootnote.12} has been referenced but does not exist, replaced by a fixed one

pdfTeX warning (dest): name{Hfootnote.11} has been referenced but does not exist, replaced by a fixed one

pdfTeX warning (dest): name{Hfootnote.10} has been referenced but does not exist, replaced by a fixed one

pdfTeX warning (dest): name{Hfootnote.9} has been referenced but does not exist, replaced by a fixed one

pdfTeX warning (dest): name{Hfootnote.8} has been referenced but does not exist, replaced by a fixed one

pdfTeX warning (dest): name{Hfootnote.7} has been referenced but does not exist, replaced by a fixed one

pdfTeX warning (dest): name{Hfootnote.6} has been referenced but does not exist, replaced by a fixed one

pdfTeX warning (dest): name{Hfootnote.5} has been referenced but does not exist, replaced by a fixed one

pdfTeX warning (dest): name{Hfootnote.4} has been referenced but does not exist, replaced by a fixed one

pdfTeX warning (dest): name{Hfootnote.3} has been referenced but does not exist, replaced by a fixed one

pdfTeX warning (dest): name{Hfootnote.2} has been referenced but does not exist, replaced by a fixed one

pdfTeX warning (dest): name{Hfootnote.1} has been referenced but does not exist, replaced by a fixed one

<C:/Program Files/MiKTeX 2.9/fonts/type1/public/amsfonts/cm/cmbx10.pfb><C:/Program Files/MiKTeX 2.9/fonts/type1/public/amsfonts/cm/cmbx9.pfb><C:/Program Files/MiKTeX 2.9/fonts/type1/public/amsfonts/cm/cmcsc10.pfb><C:/Program Files/MiKTeX 2.9/fonts/type1/public/amsfonts/cm/cmmi10.pfb><C:/Program Files/MiKTeX 2.9/fonts/type1/public/amsfonts/cm/cmmi6.pfb><C:/Program Files/MiKTeX 2.9/fonts/type1/public/amsfonts/cm/cmmi8.pfb><C:/Program Files/MiKTeX 2.9/fonts/type1/public/amsfonts/cm/cmr10.pfb><C:/Program Files/MiKTeX 2.9/fonts/type1/public/amsfonts/cm/cmr12.pfb><C:/Program Files/MiKTeX 2.9/fonts/type1/public/amsfonts/cm/cmr6.pfb><C:/Program Files/MiKTeX 2.9/fonts/type1/public/amsfonts/cm/cmr7.pfb><C:/Program Files/MiKTeX 2.9/fonts/type1/public/amsfonts/cm/cmr8.pfb><C:/Program Files/MiKTeX 2.9/fonts/type1/public/amsfonts/cm/cmr9.pfb><C:/Program Files/MiKTeX 2.9/fonts/type1/public/amsfonts/cm/cmti10.pfb><C:/Program Files/MiKTeX 2.9/fonts/type1/public/amsfonts/cm/cmti7.pfb><C:/Program Files/MiKTeX 2.9/fonts/type1/public/amsfonts/cm/cmti8.pfb><C:/Program Files/MiKTeX 2.9/fonts/type1/public/amsfonts/cm/cmtt8.pfb>
Output written on elsarticle.pdf (23 pages, 643054 bytes).
PDF statistics:
 510 PDF objects out of 1000 (max. 8388607)
 109 named destinations out of 1000 (max. 500000)
 100 words of extra memory for PDF output out of 10000 (max. 10000000)

