This is pdfTeX, Version 3.14159265-2.6-1.40.21 (MiKTeX 20.7) (preloaded format=pdflatex 2020.10.14)  5 NOV 2020 19:38
entering extended mode
**c:/Users/JM/Documents/GitHub/finineq/Paper/financeinequality.tex
(c:/Users/JM/Documents/GitHub/finineq/Paper/financeinequality.tex
LaTeX2e <2020-10-01>
L3 programming layer <2020-09-24> xparse <2020-03-03> ("C:\Program Files\MiKTeX 2.9\tex/latex/elsarticle\elsarticle.cls"
Document Class: elsarticle 2019/02/25, 3.2: Elsevier Ltd
\@bls=\dimen138
("C:\Program Files\MiKTeX 2.9\tex/latex/base\article.cls"
Document Class: article 2020/04/10 v1.4m Standard LaTeX document class
("C:\Program Files\MiKTeX 2.9\tex/latex/base\size10.clo"
File: size10.clo 2020/04/10 v1.4m Standard LaTeX file (size option)
)
\c@part=\count175
\c@section=\count176
\c@subsection=\count177
\c@subsubsection=\count178
\c@paragraph=\count179
\c@subparagraph=\count180
\c@figure=\count181
\c@table=\count182
\abovecaptionskip=\skip47
\belowcaptionskip=\skip48
\bibindent=\dimen139
) ("C:\Program Files\MiKTeX 2.9\tex/latex/graphics\graphicx.sty"
Package: graphicx 2020/09/09 v1.2b Enhanced LaTeX Graphics (DPC,SPQR)
 ("C:\Program Files\MiKTeX 2.9\tex/latex/graphics\keyval.sty"
Package: keyval 2014/10/28 v1.15 key=value parser (DPC)
\KV@toks@=\toks15
) ("C:\Program Files\MiKTeX 2.9\tex/latex/graphics\graphics.sty"
Package: graphics 2020/08/30 v1.4c Standard LaTeX Graphics (DPC,SPQR)
 ("C:\Program Files\MiKTeX 2.9\tex/latex/graphics\trig.sty"
Package: trig 2016/01/03 v1.10 sin cos tan (DPC)
) ("C:\Program Files\MiKTeX 2.9\tex/latex/graphics-cfg\graphics.cfg"
File: graphics.cfg 2016/06/04 v1.11 sample graphics configuration
)
Package graphics Info: Driver file: pdftex.def on input line 105.
 ("C:\Program Files\MiKTeX 2.9\tex/latex/graphics-def\pdftex.def"
File: pdftex.def 2020/08/26 v1.2 Graphics/color driver for pdftex
))
\Gin@req@height=\dimen140
\Gin@req@width=\dimen141
)
\c@tnote=\count183
\c@fnote=\count184
\c@cnote=\count185
\c@ead=\count186
\c@author=\count187
\@eadauthor=\toks16
\c@affn=\count188
\absbox=\box47
\elsarticlehighlightsbox=\box48
\elsarticlegrabsbox=\box49
\keybox=\box50
\Columnwidth=\dimen142
\space@left=\dimen143
\els@boxa=\box51
\els@boxb=\box52
\leftMargin=\dimen144
\@enLab=\toks17
\@sep=\skip49
\@@sep=\skip50
 (financeinequality.spl)
\splwrite=\write3
\openout3 = `financeinequality.spl'.

\appnamewidth=\dimen145
) ("C:\Program Files\MiKTeX 2.9\tex/latex/biblatex\biblatex.sty"
Package: biblatex 2020/08/23 v3.15a programmable bibliographies (PK/MW)
 ("C:\Program Files\MiKTeX 2.9\tex/generic/pdftexcmds\pdftexcmds.sty"
Package: pdftexcmds 2020-06-27 v0.33 Utility functions of pdfTeX for LuaTeX (HO)
 ("C:\Program Files\MiKTeX 2.9\tex/generic/infwarerr\infwarerr.sty"
Package: infwarerr 2019/12/03 v1.5 Providing info/warning/error messages (HO)
) ("C:\Program Files\MiKTeX 2.9\tex/generic/iftex\iftex.sty"
Package: iftex 2020/03/06 v1.0d TeX engine tests
) ("C:\Program Files\MiKTeX 2.9\tex/generic/ltxcmds\ltxcmds.sty"
Package: ltxcmds 2020-05-10 v1.25 LaTeX kernel commands for general use (HO)
)
Package pdftexcmds Info: \pdf@primitive is available.
Package pdftexcmds Info: \pdf@ifprimitive is available.
Package pdftexcmds Info: \pdfdraftmode found.
) ("C:\Program Files\MiKTeX 2.9\tex/latex/etoolbox\etoolbox.sty"
Package: etoolbox 2020/08/24 v2.5j e-TeX tools for LaTeX (JAW)
\etb@tempcnta=\count189
) ("C:\Program Files\MiKTeX 2.9\tex/latex/kvoptions\kvoptions.sty"
Package: kvoptions 2019/11/29 v3.13 Key value format for package options (HO)
 ("C:\Program Files\MiKTeX 2.9\tex/generic/kvsetkeys\kvsetkeys.sty"
Package: kvsetkeys 2019/12/15 v1.18 Key value parser (HO)
)) ("C:\Program Files\MiKTeX 2.9\tex/latex/logreq\logreq.sty"
Package: logreq 2010/08/04 v1.0 xml request logger
\lrq@indent=\count190
 ("C:\Program Files\MiKTeX 2.9\tex/latex/logreq\logreq.def"
File: logreq.def 2010/08/04 v1.0 logreq spec v1.0
)) ("C:\Program Files\MiKTeX 2.9\tex/latex/base\ifthen.sty"
Package: ifthen 2014/09/29 v1.1c Standard LaTeX ifthen package (DPC)
) ("C:\Program Files\MiKTeX 2.9\tex/latex/url\url.sty"
\Urlmuskip=\muskip16
Package: url 2013/09/16  ver 3.4  Verb mode for urls, etc.
)
\c@tabx@nest=\count191
\c@listtotal=\count192
\c@listcount=\count193
\c@liststart=\count194
\c@liststop=\count195
\c@citecount=\count196
\c@citetotal=\count197
\c@multicitecount=\count198
\c@multicitetotal=\count199
\c@instcount=\count266
\c@maxnames=\count267
\c@minnames=\count268
\c@maxitems=\count269
\c@minitems=\count270
\c@citecounter=\count271
\c@maxcitecounter=\count272
\c@savedcitecounter=\count273
\c@uniquelist=\count274
\c@uniquename=\count275
\c@refsection=\count276
\c@refsegment=\count277
\c@maxextratitle=\count278
\c@maxextratitleyear=\count279
\c@maxextraname=\count280
\c@maxextradate=\count281
\c@maxextraalpha=\count282
\c@abbrvpenalty=\count283
\c@highnamepenalty=\count284
\c@lownamepenalty=\count285
\c@maxparens=\count286
\c@parenlevel=\count287
\blx@tempcnta=\count288
\blx@tempcntb=\count289
\blx@tempcntc=\count290
\blx@maxsection=\count291
\blx@maxsegment@0=\count292
\blx@notetype=\count293
\blx@parenlevel@text=\count294
\blx@parenlevel@foot=\count295
\blx@sectionciteorder@0=\count296
\blx@entrysetcounter=\count297
\blx@biblioinstance=\count298
\labelnumberwidth=\skip51
\labelalphawidth=\skip52
\biblabelsep=\skip53
\bibitemsep=\skip54
\bibnamesep=\skip55
\bibinitsep=\skip56
\bibparsep=\skip57
\bibhang=\skip58
\blx@bcfin=\read2
\blx@bcfout=\write4
\blx@langwohyphens=\language83
\c@mincomprange=\count299
\c@maxcomprange=\count300
\c@mincompwidth=\count301
Package biblatex Info: Trying to load biblatex default data model...
Package biblatex Info: ... file 'blx-dm.def' found.
 ("C:\Program Files\MiKTeX 2.9\tex/latex/biblatex\blx-dm.def"
File: blx-dm.def 2020/08/23 v3.15a biblatex localization (PK/MW)
)
Package biblatex Info: Trying to load biblatex style data model...
Package biblatex Info: ... file 'apa.dbx' found.
 ("C:\Program Files\MiKTeX 2.9\tex/latex/biblatex-apa\apa.dbx"
File: apa.dbx 2020/08/28 v9.14 APA biblatex style data model
)
Package biblatex Info: Trying to load biblatex custom data model...
Package biblatex Info: ... file 'biblatex-dm.cfg' not found.
\c@afterword=\count302
\c@savedafterword=\count303
\c@annotator=\count304
\c@savedannotator=\count305
\c@author=\count306
\c@savedauthor=\count307
\c@bookauthor=\count308
\c@savedbookauthor=\count309
\c@commentator=\count310
\c@savedcommentator=\count311
\c@editor=\count312
\c@savededitor=\count313
\c@editora=\count314
\c@savededitora=\count315
\c@editorb=\count316
\c@savededitorb=\count317
\c@editorc=\count318
\c@savededitorc=\count319
\c@foreword=\count320
\c@savedforeword=\count321
\c@holder=\count322
\c@savedholder=\count323
\c@introduction=\count324
\c@savedintroduction=\count325
\c@namea=\count326
\c@savednamea=\count327
\c@nameb=\count328
\c@savednameb=\count329
\c@namec=\count330
\c@savednamec=\count331
\c@translator=\count332
\c@savedtranslator=\count333
\c@shortauthor=\count334
\c@savedshortauthor=\count335
\c@shorteditor=\count336
\c@savedshorteditor=\count337
\c@groupauthor=\count338
\c@savedgroupauthor=\count339
\c@narrator=\count340
\c@savednarrator=\count341
\c@execproducer=\count342
\c@savedexecproducer=\count343
\c@execdirector=\count344
\c@savedexecdirector=\count345
\c@with=\count346
\c@savedwith=\count347
\c@labelname=\count348
\c@savedlabelname=\count349
\c@institution=\count350
\c@savedinstitution=\count351
\c@lista=\count352
\c@savedlista=\count353
\c@listb=\count354
\c@savedlistb=\count355
\c@listc=\count356
\c@savedlistc=\count357
\c@listd=\count358
\c@savedlistd=\count359
\c@liste=\count360
\c@savedliste=\count361
\c@listf=\count362
\c@savedlistf=\count363
\c@location=\count364
\c@savedlocation=\count365
\c@organization=\count366
\c@savedorganization=\count367
\c@origlocation=\count368
\c@savedoriglocation=\count369
\c@origpublisher=\count370
\c@savedorigpublisher=\count371
\c@publisher=\count372
\c@savedpublisher=\count373
\c@language=\count374
\c@savedlanguage=\count375
\c@origlanguage=\count376
\c@savedoriglanguage=\count377
\c@citation=\count378
\c@savedcitation=\count379
\c@pageref=\count380
\c@savedpageref=\count381
\shorthandwidth=\skip59
\shortjournalwidth=\skip60
\shortserieswidth=\skip61
\shorttitlewidth=\skip62
\shortauthorwidth=\skip63
\shorteditorwidth=\skip64
\locallabelnumberwidth=\skip65
\locallabelalphawidth=\skip66
\localshorthandwidth=\skip67
\localshortjournalwidth=\skip68
\localshortserieswidth=\skip69
\localshorttitlewidth=\skip70
\localshortauthorwidth=\skip71
\localshorteditorwidth=\skip72
Package biblatex Info: Trying to load compatibility code...
Package biblatex Info: ... file 'blx-compat.def' found.
 ("C:\Program Files\MiKTeX 2.9\tex/latex/biblatex\blx-compat.def"
File: blx-compat.def 2020/08/23 v3.15a biblatex compatibility (PK/MW)
) ("C:\Program Files\MiKTeX 2.9\tex/latex/l3kernel\expl3.sty"
Package: expl3 2020-09-24 L3 programming layer (loader) 
 ("C:\Program Files\MiKTeX 2.9\tex/latex/l3backend\l3backend-pdftex.def"
File: l3backend-pdftex.def 2020-09-24 L3 backend support: PDF output (pdfTeX)
\l__kernel_color_stack_int=\count382
\l__pdf_internal_box=\box53
))
Package biblatex Info: expl3
(biblatex)             2020-09-24 L3 programming layer (loader) 
(biblatex)             is new enough (at least 2020/04/06),
(biblatex)             setting 'casechanger=expl3'.
Package biblatex Info: Trying to load expl3 case changing code...
Package biblatex Info: ... file 'blx-case-expl3.def' found.
 ("C:\Program Files\MiKTeX 2.9\tex/latex/biblatex\blx-case-expl3.def" ("C:\Program Files\MiKTeX 2.9\tex/latex/l3packages/xparse\xparse.sty"
Package: xparse 2020-05-15 L3 Experimental document command parser
 ("C:\Program Files\MiKTeX 2.9\tex/latex/l3packages/xparse\xparse-generic.tex"))
File: blx-case-expl3 2020/08/23 v3.15a expl3 case changing code for biblatex
)
Package biblatex Info: Trying to load generic definitions...
Package biblatex Info: ... file 'biblatex.def' found.
 ("C:\Program Files\MiKTeX 2.9\tex/latex/biblatex\biblatex.def"
File: biblatex.def 2020/08/23 v3.15a biblatex compatibility (PK/MW)
\c@textcitecount=\count383
\c@textcitetotal=\count384
\c@textcitemaxnames=\count385
\c@biburlbigbreakpenalty=\count386
\c@biburlbreakpenalty=\count387
\c@biburlnumpenalty=\count388
\c@biburlucpenalty=\count389
\c@biburllcpenalty=\count390
\biburlbigskip=\muskip17
\biburlnumskip=\muskip18
\biburlucskip=\muskip19
\biburllcskip=\muskip20
\c@smartand=\count391
)
Package biblatex Info: Trying to load bibliography style 'apa'...
Package biblatex Info: ... file 'apa.bbx' found.
 ("C:\Program Files\MiKTeX 2.9\tex/latex/biblatex-apa\apa.bbx"
File: apa.bbx 2020/08/28 v9.14 APA biblatex references style
Package biblatex Info: Trying to load bibliography style 'standard'...
Package biblatex Info: ... file 'standard.bbx' found.
 ("C:\Program Files\MiKTeX 2.9\tex/latex/biblatex/bbx\standard.bbx"
File: standard.bbx 2020/08/23 v3.15a biblatex bibliography style (PK/MW)
\c@bbx:relatedcount=\count392
\c@bbx:relatedtotal=\count393
))
Package biblatex Info: Trying to load citation style 'apa'...
Package biblatex Info: ... file 'apa.cbx' found.
 ("C:\Program Files\MiKTeX 2.9\tex/latex/biblatex-apa\apa.cbx"
File: apa.cbx 2020/08/28 v9.14 APA biblatex citation style
Package biblatex Info: Delimiter 'nameyeardelim' in context '' already defined, overwriting.
Package biblatex Info: Delimiter 'nameyeardelim' in context 'textcite' already defined, overwriting.
Package biblatex Info: Delimiter 'andothersdelim' in context '' already defined, overwriting.
Package biblatex Info: Redefining '\fullcite'.
Package biblatex Info: Redefining '\citeauthor'.
Package biblatex Info: Redefining '\citeyear'.
Package biblatex Info: Redefining '\cite'.
Package biblatex Info: Redefining '\cites'.
Package biblatex Info: Redefining '\parencite'.
Package biblatex Info: Redefining '\parencites'.
Package biblatex Info: Redefining '\footcite'.
Package biblatex Info: Redefining '\footcites'.
Package biblatex Info: Redefining '\footcitetext'.
Package biblatex Info: Redefining '\footcitetexts'.
Package biblatex Info: Redefining '\smartcite'.
Package biblatex Info: Redefining '\smartcites'.
Package biblatex Info: Redefining '\textcite'.
Package biblatex Info: Redefining '\textcites'.
)
Package biblatex Info: Trying to load configuration file...
Package biblatex Info: ... file 'biblatex.cfg' found.
 ("C:\Program Files\MiKTeX 2.9\tex/latex/biblatex\biblatex.cfg"
File: biblatex.cfg 
)) ("C:\Program Files\MiKTeX 2.9\tex/latex/lineno\lineno.sty"
Package: lineno 2005/11/02 line numbers on paragraphs v4.41
\linenopenalty=\count394
\output=\toks18
\linenoprevgraf=\count395
\linenumbersep=\dimen146
\linenumberwidth=\dimen147
\c@linenumber=\count396
\c@pagewiselinenumber=\count397
\c@LN@truepage=\count398
\c@internallinenumber=\count399
\c@internallinenumbers=\count400
\quotelinenumbersep=\dimen148
\bframerule=\dimen149
\bframesep=\dimen150
\bframebox=\box54
LaTeX Info: Redefining \\ on input line 3056.
) ("C:\Program Files\MiKTeX 2.9\tex/latex/hyperref\hyperref.sty"
Package: hyperref 2020-05-15 v7.00e Hypertext links for LaTeX
 ("C:\Program Files\MiKTeX 2.9\tex/generic/kvdefinekeys\kvdefinekeys.sty"
Package: kvdefinekeys 2019-12-19 v1.6 Define keys (HO)
) ("C:\Program Files\MiKTeX 2.9\tex/generic/pdfescape\pdfescape.sty"
Package: pdfescape 2019/12/09 v1.15 Implements pdfTeX's escape features (HO)
) ("C:\Program Files\MiKTeX 2.9\tex/latex/hycolor\hycolor.sty"
Package: hycolor 2020-01-27 v1.10 Color options for hyperref/bookmark (HO)
) ("C:\Program Files\MiKTeX 2.9\tex/latex/letltxmacro\letltxmacro.sty"
Package: letltxmacro 2019/12/03 v1.6 Let assignment for LaTeX macros (HO)
) ("C:\Program Files\MiKTeX 2.9\tex/latex/auxhook\auxhook.sty"
Package: auxhook 2019-12-17 v1.6 Hooks for auxiliary files (HO)
)
\@linkdim=\dimen151
\Hy@linkcounter=\count401
\Hy@pagecounter=\count402
 ("C:\Program Files\MiKTeX 2.9\tex/latex/hyperref\pd1enc.def"
File: pd1enc.def 2020-05-15 v7.00e Hyperref: PDFDocEncoding definition (HO)
Now handling font encoding PD1 ...
... no UTF-8 mapping file for font encoding PD1
) ("C:\Program Files\MiKTeX 2.9\tex/generic/intcalc\intcalc.sty"
Package: intcalc 2019/12/15 v1.3 Expandable calculations with integers (HO)
) ("C:\Program Files\MiKTeX 2.9\tex/generic/etexcmds\etexcmds.sty"
Package: etexcmds 2019/12/15 v1.7 Avoid name clashes with e-TeX commands (HO)
)
\Hy@SavedSpaceFactor=\count403
Package hyperref Info: Hyper figures OFF on input line 4464.
Package hyperref Info: Link nesting OFF on input line 4469.
Package hyperref Info: Hyper index ON on input line 4472.
Package hyperref Info: Plain pages OFF on input line 4479.
Package hyperref Info: Backreferencing OFF on input line 4484.
Package hyperref Info: Implicit mode ON; LaTeX internals redefined.
Package hyperref Info: Bookmarks ON on input line 4717.
\c@Hy@tempcnt=\count404
LaTeX Info: Redefining \url on input line 5076.
\XeTeXLinkMargin=\dimen152
 ("C:\Program Files\MiKTeX 2.9\tex/generic/bitset\bitset.sty"
Package: bitset 2019/12/09 v1.3 Handle bit-vector datatype (HO)
 ("C:\Program Files\MiKTeX 2.9\tex/generic/bigintcalc\bigintcalc.sty"
Package: bigintcalc 2019/12/15 v1.5 Expandable calculations on big integers (HO)
))
\Fld@menulength=\count405
\Field@Width=\dimen153
\Fld@charsize=\dimen154
Package hyperref Info: Hyper figures OFF on input line 6347.
Package hyperref Info: Link nesting OFF on input line 6352.
Package hyperref Info: Hyper index ON on input line 6355.
Package hyperref Info: backreferencing OFF on input line 6362.
Package hyperref Info: Link coloring OFF on input line 6367.
Package hyperref Info: Link coloring with OCG OFF on input line 6372.
Package hyperref Info: PDF/A mode OFF on input line 6377.
LaTeX Info: Redefining \ref on input line 6417.
LaTeX Info: Redefining \pageref on input line 6421.
 ("C:\Program Files\MiKTeX 2.9\tex/latex/base\atbegshi-ltx.sty"
Package: atbegshi-ltx 2020/08/17 v1.0a Emulation of the original atbegshi package
with kernel methods
)
\Hy@abspage=\count406
\c@Item=\count407
\c@Hfootnote=\count408
)
Package hyperref Info: Driver (autodetected): hpdftex.
 ("C:\Program Files\MiKTeX 2.9\tex/latex/hyperref\hpdftex.def"
File: hpdftex.def 2020-05-15 v7.00e Hyperref driver for pdfTeX
 ("C:\Program Files\MiKTeX 2.9\tex/latex/base\atveryend-ltx.sty"
Package: atveryend-ltx 2020/08/19 v1.0a Emulation of the original atvery package
with kernel methods
)
\Fld@listcount=\count409
\c@bookmark@seq@number=\count410
 ("C:\Program Files\MiKTeX 2.9\tex/latex/rerunfilecheck\rerunfilecheck.sty"
Package: rerunfilecheck 2019/12/05 v1.9 Rerun checks for auxiliary files (HO)
 ("C:\Program Files\MiKTeX 2.9\tex/generic/uniquecounter\uniquecounter.sty"
Package: uniquecounter 2019/12/15 v1.4 Provide unlimited unique counter (HO)
)
Package uniquecounter Info: New unique counter `rerunfilecheck' on input line 286.
)
\Hy@SectionHShift=\skip73
) ("C:\Program Files\MiKTeX 2.9\tex/latex/acronym\acronym.sty"
Package: acronym 2020/04/17 v1.47 Support for acronyms (Tobias Oetiker)
 ("C:\Program Files\MiKTeX 2.9\tex/latex/bigfoot\suffix.sty"
Package: suffix 2006/07/15 1.5a Variant command support
) ("C:\Program Files\MiKTeX 2.9\tex/latex/xstring\xstring.sty" ("C:\Program Files\MiKTeX 2.9\tex/generic/xstring\xstring.tex"
\integerpart=\count411
\decimalpart=\count412
)
Package: xstring 2019/02/06 v1.83 String manipulations (CT)
)
\AC@clearlist=\toks19
) ("C:\Program Files\MiKTeX 2.9\tex/latex/booktabs\booktabs.sty"
Package: booktabs 2020/01/12 v1.61803398 Publication quality tables
\heavyrulewidth=\dimen155
\lightrulewidth=\dimen156
\cmidrulewidth=\dimen157
\belowrulesep=\dimen158
\belowbottomsep=\dimen159
\aboverulesep=\dimen160
\abovetopsep=\dimen161
\cmidrulesep=\dimen162
\cmidrulekern=\dimen163
\defaultaddspace=\dimen164
\@cmidla=\count413
\@cmidlb=\count414
\@aboverulesep=\dimen165
\@belowrulesep=\dimen166
\@thisruleclass=\count415
\@lastruleclass=\count416
\@thisrulewidth=\dimen167
) ("C:\Program Files\MiKTeX 2.9\tex/latex/setspace\setspace.sty"
Package: setspace 2011/12/19 v6.7a set line spacing
) ("C:\Program Files\MiKTeX 2.9\tex/latex/epstopdf-pkg\epstopdf.sty"
Package: epstopdf 2020-01-24 v2.11 Conversion with epstopdf on the fly (HO)
 ("C:\Program Files\MiKTeX 2.9\tex/latex/grfext\grfext.sty"
Package: grfext 2019/12/03 v1.3 Manage graphics extensions (HO)
) ("C:\Program Files\MiKTeX 2.9\tex/latex/epstopdf-pkg\epstopdf-base.sty"
Package: epstopdf-base 2020-01-24 v2.11 Base part for package epstopdf
Package epstopdf-base Info: Redefining graphics rule for `.eps' on input line 485.
Package grfext Info: Graphics extension search list:
(grfext)             [.pdf,.png,.jpg,.mps,.jpeg,.jbig2,.jb2,.PDF,.PNG,.JPG,.JPEG,.JBIG2,.JB2,.eps]
(grfext)             \AppendGraphicsExtensions on input line 504.
)) ("C:\Program Files\MiKTeX 2.9\tex/latex/tools\longtable.sty"
Package: longtable 2020/01/07 v4.13 Multi-page Table package (DPC)
\LTleft=\skip74
\LTright=\skip75
\LTpre=\skip76
\LTpost=\skip77
\LTchunksize=\count417
\LTcapwidth=\dimen168
\LT@head=\box55
\LT@firsthead=\box56
\LT@foot=\box57
\LT@lastfoot=\box58
\LT@cols=\count418
\LT@rows=\count419
\c@LT@tables=\count420
\c@LT@chunks=\count421
\LT@p@ftn=\toks20
) ("C:\Program Files\MiKTeX 2.9\tex/latex/multirow\multirow.sty"
Package: multirow 2019/05/31 v2.5 Span multiple rows of a table
\multirow@colwidth=\skip78
\multirow@cntb=\count422
\multirow@dima=\skip79
\bigstrutjot=\dimen169
)
\@quotelevel=\count423
\@quotereset=\count424
 (financeinequality.aux)
\openout1 = `financeinequality.aux'.

LaTeX Font Info:    Checking defaults for OML/cmm/m/it on input line 115.
LaTeX Font Info:    ... okay on input line 115.
LaTeX Font Info:    Checking defaults for OMS/cmsy/m/n on input line 115.
LaTeX Font Info:    ... okay on input line 115.
LaTeX Font Info:    Checking defaults for OT1/cmr/m/n on input line 115.
LaTeX Font Info:    ... okay on input line 115.
LaTeX Font Info:    Checking defaults for T1/cmr/m/n on input line 115.
LaTeX Font Info:    ... okay on input line 115.
LaTeX Font Info:    Checking defaults for TS1/cmr/m/n on input line 115.
LaTeX Font Info:    ... okay on input line 115.
LaTeX Font Info:    Checking defaults for OMX/cmex/m/n on input line 115.
LaTeX Font Info:    ... okay on input line 115.
LaTeX Font Info:    Checking defaults for U/cmr/m/n on input line 115.
LaTeX Font Info:    ... okay on input line 115.
LaTeX Font Info:    Checking defaults for PD1/pdf/m/n on input line 115.
LaTeX Font Info:    ... okay on input line 115.
 ("C:\Program Files\MiKTeX 2.9\tex/context/base/mkii\supp-pdf.mkii"
[Loading MPS to PDF converter (version 2006.09.02).]
\scratchcounter=\count425
\scratchdimen=\dimen170
\scratchbox=\box59
\nofMPsegments=\count426
\nofMParguments=\count427
\everyMPshowfont=\toks21
\MPscratchCnt=\count428
\MPscratchDim=\dimen171
\MPnumerator=\count429
\makeMPintoPDFobject=\count430
\everyMPtoPDFconversion=\toks22
)
Package biblatex Info: Trying to load language 'english' -> 'english-apa'...
Package biblatex Info: ... file 'english-apa.lbx' found.
 ("C:\Program Files\MiKTeX 2.9\tex/latex/biblatex-apa\english-apa.lbx"
File: english-apa.lbx 2020/08/28 v9.14 APA biblatex localisation
Package biblatex Info: Trying to load language 'english'...
Package biblatex Info: ... file 'english.lbx' found.
 ("C:\Program Files\MiKTeX 2.9\tex/latex/biblatex/lbx\english.lbx"
File: english.lbx 2020/08/23 v3.15a biblatex localization (PK/MW)
)
Package biblatex Info: Trying to load language 'american' -> 'american-apa'...
Package biblatex Info: ... file 'american-apa.lbx' found.
 ("C:\Program Files\MiKTeX 2.9\tex/latex/biblatex-apa\american-apa.lbx"
File: american-apa.lbx 2020/08/28 v9.14 APA biblatex localisation
Package biblatex Info: Trying to load language 'american'...
Package biblatex Info: ... file 'american.lbx' found.
 ("C:\Program Files\MiKTeX 2.9\tex/latex/biblatex/lbx\american.lbx"
File: american.lbx 2020/08/23 v3.15a biblatex localization (PK/MW)
Package biblatex Info: Trying to load language 'english'...
Package biblatex Info: ... file 'english.lbx' found.
 ("C:\Program Files\MiKTeX 2.9\tex/latex/biblatex/lbx\english.lbx"
File: english.lbx 2020/08/23 v3.15a biblatex localization (PK/MW)
))))
Package biblatex Info: Input encoding 'utf8' detected.
Package biblatex Info: Automatic encoding selection.
(biblatex)             Assuming data encoding 'utf8'.
\openout4 = `financeinequality.bcf'.

Package biblatex Info: Trying to load bibliographic data...
Package biblatex Info: ... file 'financeinequality.bbl' found.
 (financeinequality.bbl)
Package biblatex Info: Reference section=0 on input line 115.
Package biblatex Info: Reference segment=0 on input line 115.
Package hyperref Info: Link coloring OFF on input line 115.
 ("C:\Program Files\MiKTeX 2.9\tex/latex/hyperref\nameref.sty"
Package: nameref 2019/09/16 v2.46 Cross-referencing by name of section
 ("C:\Program Files\MiKTeX 2.9\tex/latex/refcount\refcount.sty"
Package: refcount 2019/12/15 v3.6 Data extraction from label references (HO)
) ("C:\Program Files\MiKTeX 2.9\tex/generic/gettitlestring\gettitlestring.sty"
Package: gettitlestring 2019/12/15 v1.6 Cleanup title references (HO)
)
\c@section@level=\count431
)
LaTeX Info: Redefining \ref on input line 115.
LaTeX Info: Redefining \pageref on input line 115.
LaTeX Info: Redefining \nameref on input line 115.
 (financeinequality.out) (financeinequality.out)
\@outlinefile=\write5
\openout5 = `financeinequality.out'.

LaTeX Font Info:    External font `cmex10' loaded for size
(Font)              <8> on input line 142.
LaTeX Font Info:    External font `cmex10' loaded for size
(Font)              <6> on input line 142.
LaTeX Font Info:    External font `cmex10' loaded for size
(Font)              <5> on input line 142.
LaTeX Font Info:    External font `cmex10' loaded for size
(Font)              <14.4> on input line 142.
LaTeX Font Info:    External font `cmex10' loaded for size
(Font)              <7> on input line 142.

Overfull \hbox (2.22221pt too wide) has occurred while \output is active
[] 
 []

[1


{C:/Users/JM/AppData/Local/MiKTeX/2.9/pdftex/config/pdftex.map}] [2]
Package acronym Info: Label `acro:BMA' newly defined as it shall be overridden
although it is yet undefined on input line 161.
Package acronym Info: Label `acro:WID' newly defined as it shall be overridden
although it is yet undefined on input line 161.
Package acronym Info: Label `acro:WALS' newly defined as it shall be overridden
although it is yet undefined on input line 163.
 [3]
Package acronym Info: Label `acro:SWIID' newly defined as it shall be overridden
although it is yet undefined on input line 172.
Package acronym Info: Label `acro:WIID' newly defined as it shall be overridden
although it is yet undefined on input line 172.
Package acronym Info: Label `acro:LIS' newly defined as it shall be overridden
although it is yet undefined on input line 172.
Package acronym Info: Label `acro:DINA' newly defined as it shall be overridden
although it is yet undefined on input line 174.
 [4]
Package acronym Info: Label `acro:GDP' newly defined as it shall be overridden
although it is yet undefined on input line 176.
LaTeX Font Info:    External font `cmex10' loaded for size
(Font)              <9> on input line 185.
Package acronym Info: Label `acro:GFDD' newly defined as it shall be overridden
although it is yet undefined on input line 225.
 [5]
Package epstopdf Info: Source file: <figures//plots_ineq.eps>
(epstopdf)                    date: 2020-01-14 10:45:46
(epstopdf)                    size: 247040 bytes
(epstopdf)             Output file: <figures//plots_ineq-eps-converted-to.pdf>
(epstopdf)                    date: 2020-11-05 13:34:59
(epstopdf)                    size: 50487 bytes
(epstopdf)             Command: <epstopdf --outfile=figures//plots_ineq-eps-converted-to.pdf figures//plots_ineq.eps>
(epstopdf)             \includegraphics on input line 231.
Package epstopdf Info: Output file is already uptodate.


pdfTeX warning: pdflatex (file ./figures//plots_ineq-eps-converted-to.pdf): PDF inclusion: found PDF version <1.7>, but at most version <1.5> allowed
<figures//plots_ineq-eps-converted-to.pdf, id=160, 722.7pt x 361.35pt>
File: figures//plots_ineq-eps-converted-to.pdf Graphic file (type pdf)
<use figures//plots_ineq-eps-converted-to.pdf>
Package pdftex.def Info: figures//plots_ineq-eps-converted-to.pdf  used on input line 231.
(pdftex.def)             Requested size: 276.00105pt x 137.99812pt.
Package acronym Info: Label `acro:UIP' newly defined as it shall be overridden
although it is yet undefined on input line 241.
Package acronym Info: Label `acro:BRIC' newly defined as it shall be overridden
although it is yet undefined on input line 241.
[6] [7 <./figures//plots_ineq-eps-converted-to.pdf>]
Package epstopdf Info: Source file: <figures//plots_findev_gini_dm.eps>
(epstopdf)                    date: 2020-01-14 20:20:52
(epstopdf)                    size: 450732 bytes
(epstopdf)             Output file: <figures//plots_findev_gini_dm-eps-converted-to.pdf>
(epstopdf)                    date: 2020-11-05 13:35:01
(epstopdf)                    size: 82328 bytes
(epstopdf)             Command: <epstopdf --outfile=figures//plots_findev_gini_dm-eps-converted-to.pdf figures//plots_findev_gini_dm.eps>
(epstopdf)             \includegraphics on input line 254.
Package epstopdf Info: Output file is already uptodate.


pdfTeX warning: pdflatex (file ./figures//plots_findev_gini_dm-eps-converted-to.pdf): PDF inclusion: found PDF version <1.7>, but at most version <1.5> allowed
<figures//plots_findev_gini_dm-eps-converted-to.pdf, id=201, 650.43pt x 650.43pt>
File: figures//plots_findev_gini_dm-eps-converted-to.pdf Graphic file (type pdf)
<use figures//plots_findev_gini_dm-eps-converted-to.pdf>
Package pdftex.def Info: figures//plots_findev_gini_dm-eps-converted-to.pdf  used on input line 254.
(pdftex.def)             Requested size: 276.00105pt x 276.00728pt.
Package acronym Info: Label `acro:PIP' newly defined as it shall be overridden
although it is yet undefined on input line 263.
[8 <./figures//plots_findev_gini_dm-eps-converted-to.pdf>]
Package acronym Info: Label `acro:PWT' newly defined as it shall be overridden
although it is yet undefined on input line 321.
 [9] [10] [11] [12]
Package epstopdf Info: Source file: <figures/comp_baseline_pip_sel.eps>
(epstopdf)                    date: 2020-01-14 18:57:11
(epstopdf)                    size: 106933 bytes
(epstopdf)             Output file: <figures/comp_baseline_pip_sel-eps-converted-to.pdf>
(epstopdf)                    date: 2020-11-05 13:35:02
(epstopdf)                    size: 37486 bytes
(epstopdf)             Command: <epstopdf --outfile=figures/comp_baseline_pip_sel-eps-converted-to.pdf figures/comp_baseline_pip_sel.eps>
(epstopdf)             \includegraphics on input line 392.
Package epstopdf Info: Output file is already uptodate.


pdfTeX warning: pdflatex (file ./figures/comp_baseline_pip_sel-eps-converted-to.pdf): PDF inclusion: found PDF version <1.7>, but at most version <1.5> allowed
<figures/comp_baseline_pip_sel-eps-converted-to.pdf, id=275, 650.43pt x 650.43pt>
File: figures/comp_baseline_pip_sel-eps-converted-to.pdf Graphic file (type pdf)
<use figures/comp_baseline_pip_sel-eps-converted-to.pdf>
Package pdftex.def Info: figures/comp_baseline_pip_sel-eps-converted-to.pdf  used on input line 392.
(pdftex.def)             Requested size: 276.00105pt x 276.00728pt.
Package epstopdf Info: Source file: <figures//topsh_comparison_all.eps>
(epstopdf)                    date: 2020-09-22 21:59:35
(epstopdf)                    size: 120791 bytes
(epstopdf)             Output file: <figures//topsh_comparison_all-eps-converted-to.pdf>
(epstopdf)                    date: 2020-11-05 13:35:04
(epstopdf)                    size: 41675 bytes
(epstopdf)             Command: <epstopdf --outfile=figures//topsh_comparison_all-eps-converted-to.pdf figures//topsh_comparison_all.eps>
(epstopdf)             \includegraphics on input line 403.
Package epstopdf Info: Output file is already uptodate.


pdfTeX warning: pdflatex (file ./figures//topsh_comparison_all-eps-converted-to.pdf): PDF inclusion: found PDF version <1.7>, but at most version <1.5> allowed
<figures//topsh_comparison_all-eps-converted-to.pdf, id=276, 650.43pt x 433.62pt>
File: figures//topsh_comparison_all-eps-converted-to.pdf Graphic file (type pdf)
<use figures//topsh_comparison_all-eps-converted-to.pdf>
Package pdftex.def Info: figures//topsh_comparison_all-eps-converted-to.pdf  used on input line 403.
(pdftex.def)             Requested size: 345.0pt x 230.00276pt.
[13]
Package epstopdf Info: Source file: <figures/model_priors_comparison_gini.eps>
(epstopdf)                    date: 2020-09-22 21:59:24
(epstopdf)                    size: 124171 bytes
(epstopdf)             Output file: <figures/model_priors_comparison_gini-eps-converted-to.pdf>
(epstopdf)                    date: 2020-11-05 13:35:05
(epstopdf)                    size: 42980 bytes
(epstopdf)             Command: <epstopdf --outfile=figures/model_priors_comparison_gini-eps-converted-to.pdf figures/model_priors_comparison_gini.eps>
(epstopdf)             \includegraphics on input line 468.
Package epstopdf Info: Output file is already uptodate.


pdfTeX warning: pdflatex (file ./figures/model_priors_comparison_gini-eps-converted-to.pdf): PDF inclusion: found PDF version <1.7>, but at most version <1.5> allowed
<figures/model_priors_comparison_gini-eps-converted-to.pdf, id=288, 650.43pt x 433.62pt>
File: figures/model_priors_comparison_gini-eps-converted-to.pdf Graphic file (type pdf)
<use figures/model_priors_comparison_gini-eps-converted-to.pdf>
Package pdftex.def Info: figures/model_priors_comparison_gini-eps-converted-to.pdf  used on input line 468.
(pdftex.def)             Requested size: 345.0pt x 230.00276pt.
Package epstopdf Info: Source file: <figures/model_priors_comparison_top10.eps>
(epstopdf)                    date: 2020-09-22 21:59:28
(epstopdf)                    size: 124178 bytes
(epstopdf)             Output file: <figures/model_priors_comparison_top10-eps-converted-to.pdf>
(epstopdf)                    date: 2020-11-05 13:35:07
(epstopdf)                    size: 43021 bytes
(epstopdf)             Command: <epstopdf --outfile=figures/model_priors_comparison_top10-eps-converted-to.pdf figures/model_priors_comparison_top10.eps>
(epstopdf)             \includegraphics on input line 475.
Package epstopdf Info: Output file is already uptodate.


pdfTeX warning: pdflatex (file ./figures/model_priors_comparison_top10-eps-converted-to.pdf): PDF inclusion: found PDF version <1.7>, but at most version <1.5> allowed
<figures/model_priors_comparison_top10-eps-converted-to.pdf, id=289, 650.43pt x 433.62pt>
File: figures/model_priors_comparison_top10-eps-converted-to.pdf Graphic file (type pdf)
<use figures/model_priors_comparison_top10-eps-converted-to.pdf>
Package pdftex.def Info: figures/model_priors_comparison_top10-eps-converted-to.pdf  used on input line 475.
(pdftex.def)             Requested size: 345.0pt x 230.00276pt.
Package epstopdf Info: Source file: <figures/model_priors_comparison_top1.eps>
(epstopdf)                    date: 2020-09-22 21:59:31
(epstopdf)                    size: 124233 bytes
(epstopdf)             Output file: <figures/model_priors_comparison_top1-eps-converted-to.pdf>
(epstopdf)                    date: 2020-11-05 13:35:08
(epstopdf)                    size: 42940 bytes
(epstopdf)             Command: <epstopdf --outfile=figures/model_priors_comparison_top1-eps-converted-to.pdf figures/model_priors_comparison_top1.eps>
(epstopdf)             \includegraphics on input line 482.
Package epstopdf Info: Output file is already uptodate.


pdfTeX warning: pdflatex (file ./figures/model_priors_comparison_top1-eps-converted-to.pdf): PDF inclusion: found PDF version <1.7>, but at most version <1.5> allowed
<figures/model_priors_comparison_top1-eps-converted-to.pdf, id=290, 650.43pt x 433.62pt>
File: figures/model_priors_comparison_top1-eps-converted-to.pdf Graphic file (type pdf)
<use figures/model_priors_comparison_top1-eps-converted-to.pdf>
Package pdftex.def Info: figures/model_priors_comparison_top1-eps-converted-to.pdf  used on input line 482.
(pdftex.def)             Requested size: 345.0pt x 230.00276pt.
[14 <./figures/comp_baseline_pip_sel-eps-converted-to.pdf>] [15 <./figures//topsh_comparison_all-eps-converted-to.pdf> <./figures/model_priors_comparison_gini-eps-converted-to.pdf>] [16] [17 <./figures/model_priors_comparison_top10-eps-converted-to.pdf> <./figures/model_priors_comparison_top1-eps-converted-to.pdf>] [18] [19

] [20] [21]pdfTeX warning (ext4): destination with the same identifier (name{table.1}) has been already used, duplicate ignored
<to be read again> 
                   \relax 
l.540 ... after-tax Gini index, 237 observations.}
                                                  \label{res:5y_gini}pdfTeX warning (ext4): destination with the same identifier (name{table.1}) has been already used, duplicate ignored
<to be read again> 
                   \relax 
l.540 ... after-tax Gini index, 237 observations.}
                                                  \label{res:5y_gini}pdfTeX warning (ext4): destination with the same identifier (name{table.2}) has been already used, duplicate ignored
<to be read again> 
                   \relax 
l.590 ...riable Top 10\% share, 248 observations.}
                                                  \label{res:5y_top10}pdfTeX warning (ext4): destination with the same identifier (name{table.2}) has been already used, duplicate ignored
<to be read again> 
                   \relax 
l.590 ...riable Top 10\% share, 248 observations.}
                                                  \label{res:5y_top10}pdfTeX warning (ext4): destination with the same identifier (name{table.3}) has been already used, duplicate ignored
<to be read again> 
                   \relax 
l.639 ...ariable Top 1\% share, 248 observations.}
                                                  \label{res:5y_top1}pdfTeX warning (ext4): destination with the same identifier (name{table.3}) has been already used, duplicate ignored
<to be read again> 
                   \relax 
l.639 ...ariable Top 1\% share, 248 observations.}
                                                  \label{res:5y_top1} [22

] [23] [24]pdfTeX warning (ext4): destination with the same identifier (name{table.4}) has been already used, duplicate ignored
<to be read again> 
                   \relax 
l.690 ...ents of Financial Development Indicators}
                                                   [25

]pdfTeX warning (ext4): destination with the same identifier (name{table.5}) has been already used, duplicate ignored
<to be read again> 
                   \relax 
l.730 ...le}{l p{0.50\linewidth} p{0.3\linewidth}}
                                                  
Overfull \hbox (35.51039pt too wide) in alignment at lines 730--754
 [] [] [] 
 []


Underfull \hbox (badness 1406) in paragraph at lines 770--770
[]|\OT1/cmr/m/n/8 return on banks' as-sets plus the ra-tio of
 []


Underfull \hbox (badness 1824) in paragraph at lines 770--770
\OT1/cmr/m/n/8 banks' eq-uity and as-sets, di-vided by the
 []


Overfull \hbox (35.51039pt too wide) in alignment at lines 754--775
 [] [] [] 
 []


Overfull \hbox (35.51039pt too wide) in alignment at lines 775--779
 [] [] [] 
 []

[26

] [27] (financeinequality.aux)

 *File List*
elsarticle.cls    2019/02/25, 3.2: Elsevier Ltd
 article.cls    2020/04/10 v1.4m Standard LaTeX document class
  size10.clo    2020/04/10 v1.4m Standard LaTeX file (size option)
graphicx.sty    2020/09/09 v1.2b Enhanced LaTeX Graphics (DPC,SPQR)
  keyval.sty    2014/10/28 v1.15 key=value parser (DPC)
graphics.sty    2020/08/30 v1.4c Standard LaTeX Graphics (DPC,SPQR)
    trig.sty    2016/01/03 v1.10 sin cos tan (DPC)
graphics.cfg    2016/06/04 v1.11 sample graphics configuration
  pdftex.def    2020/08/26 v1.2 Graphics/color driver for pdftex
financeinequality.spl
biblatex.sty    2020/08/23 v3.15a programmable bibliographies (PK/MW)
pdftexcmds.sty    2020-06-27 v0.33 Utility functions of pdfTeX for LuaTeX (HO)
infwarerr.sty    2019/12/03 v1.5 Providing info/warning/error messages (HO)
   iftex.sty    2020/03/06 v1.0d TeX engine tests
 ltxcmds.sty    2020-05-10 v1.25 LaTeX kernel commands for general use (HO)
etoolbox.sty    2020/08/24 v2.5j e-TeX tools for LaTeX (JAW)
kvoptions.sty    2019/11/29 v3.13 Key value format for package options (HO)
kvsetkeys.sty    2019/12/15 v1.18 Key value parser (HO)
  logreq.sty    2010/08/04 v1.0 xml request logger
  logreq.def    2010/08/04 v1.0 logreq spec v1.0
  ifthen.sty    2014/09/29 v1.1c Standard LaTeX ifthen package (DPC)
     url.sty    2013/09/16  ver 3.4  Verb mode for urls, etc.
  blx-dm.def    2020/08/23 v3.15a biblatex localization (PK/MW)
     apa.dbx    2020/08/28 v9.14 APA biblatex style data model
blx-compat.def    2020/08/23 v3.15a biblatex compatibility (PK/MW)
   expl3.sty    2020-09-24 L3 programming layer (loader) 
l3backend-pdftex.def    2020-09-24 L3 backend support: PDF output (pdfTeX)
  xparse.sty    2020-05-15 L3 Experimental document command parser
xparse-generic.tex
blx-case-expl3.def
biblatex.def    2020/08/23 v3.15a biblatex compatibility (PK/MW)
standard.bbx    2020/08/23 v3.15a biblatex bibliography style (PK/MW)
     apa.bbx    2020/08/28 v9.14 APA biblatex references style
     apa.cbx    2020/08/28 v9.14 APA biblatex citation style
biblatex.cfg    
  lineno.sty    2005/11/02 line numbers on paragraphs v4.41
hyperref.sty    2020-05-15 v7.00e Hypertext links for LaTeX
kvdefinekeys.sty    2019-12-19 v1.6 Define keys (HO)
pdfescape.sty    2019/12/09 v1.15 Implements pdfTeX's escape features (HO)
 hycolor.sty    2020-01-27 v1.10 Color options for hyperref/bookmark (HO)
letltxmacro.sty    2019/12/03 v1.6 Let assignment for LaTeX macros (HO)
 auxhook.sty    2019-12-17 v1.6 Hooks for auxiliary files (HO)
  pd1enc.def    2020-05-15 v7.00e Hyperref: PDFDocEncoding definition (HO)
 intcalc.sty    2019/12/15 v1.3 Expandable calculations with integers (HO)
etexcmds.sty    2019/12/15 v1.7 Avoid name clashes with e-TeX commands (HO)
  bitset.sty    2019/12/09 v1.3 Handle bit-vector datatype (HO)
bigintcalc.sty    2019/12/15 v1.5 Expandable calculations on big integers (HO)
atbegshi.sty    2020/08/17 v1.0a Emulation of the original atbegshi package
with kernel methods
 hpdftex.def    2020-05-15 v7.00e Hyperref driver for pdfTeX
atveryend.sty    2020/08/19 v1.0a Emulation of the original atvery package
with kernel methods
rerunfilecheck.sty    2019/12/05 v1.9 Rerun checks for auxiliary files (HO)
uniquecounter.sty    2019/12/15 v1.4 Provide unlimited unique counter (HO)
 acronym.sty    2020/04/17 v1.47 Support for acronyms (Tobias Oetiker)
  suffix.sty    2006/07/15 1.5a Variant command support
 xstring.sty    2019/02/06 v1.83 String manipulations (CT)
booktabs.sty    2020/01/12 v1.61803398 Publication quality tables
setspace.sty    2011/12/19 v6.7a set line spacing
epstopdf.sty    2020-01-24 v2.11 Conversion with epstopdf on the fly (HO)
  grfext.sty    2019/12/03 v1.3 Manage graphics extensions (HO)
epstopdf-base.sty    2020-01-24 v2.11 Base part for package epstopdf
longtable.sty    2020/01/07 v4.13 Multi-page Table package (DPC)
multirow.sty    2019/05/31 v2.5 Span multiple rows of a table
supp-pdf.mkii
 english.lbx    2020/08/23 v3.15a biblatex localization (PK/MW)
american.lbx    2020/08/23 v3.15a biblatex localization (PK/MW)
american-apa.lbx    2020/08/28 v9.14 APA biblatex localisation
english-apa.lbx    2020/08/28 v9.14 APA biblatex localisation
financeinequality.bbl
 nameref.sty    2019/09/16 v2.46 Cross-referencing by name of section
refcount.sty    2019/12/15 v3.6 Data extraction from label references (HO)
gettitlestring.sty    2019/12/15 v1.6 Cleanup title references (HO)
financeinequality.out
financeinequality.out
figures//plots_ineq-eps-converted-to.pdf
figures//plots_findev_gini_dm-eps-converted-to.pdf
figures/comp_baseline_pip_sel-eps-converted-to.pdf
figures//topsh_comparison_all-eps-converted-to.pdf
figures/model_priors_comparison_gini-eps-converted-to.pdf
figures/model_priors_comparison_top10-eps-converted-to.pdf
figures/model_priors_comparison_top1-eps-converted-to.pdf
 ***********

Package rerunfilecheck Info: File `financeinequality.out' has not changed.
(rerunfilecheck)             Checksum: DBD0AE84E19CA1C0874BE59BF23EC428;433.
Package logreq Info: Writing requests to 'financeinequality.run.xml'.
\openout1 = `financeinequality.run.xml'.

 ) 
Here is how much of TeX's memory you used:
 14878 strings out of 480202
 267884 string characters out of 2887241
 1085673 words of memory out of 3000000
 31121 multiletter control sequences out of 15000+200000
 540868 words of font info for 48 fonts, out of 3000000 for 9000
 1141 hyphenation exceptions out of 8191
 72i,9n,77p,2379b,4805s stack positions out of 5000i,500n,10000p,200000b,50000s
pdfTeX warning (dest): name{Hfootnote.12} has been referenced but does not exist, replaced by a fixed one

pdfTeX warning (dest): name{Hfootnote.11} has been referenced but does not exist, replaced by a fixed one

pdfTeX warning (dest): name{Hfootnote.10} has been referenced but does not exist, replaced by a fixed one

pdfTeX warning (dest): name{Hfootnote.9} has been referenced but does not exist, replaced by a fixed one

pdfTeX warning (dest): name{Hfootnote.8} has been referenced but does not exist, replaced by a fixed one

pdfTeX warning (dest): name{Hfootnote.7} has been referenced but does not exist, replaced by a fixed one

pdfTeX warning (dest): name{Hfootnote.6} has been referenced but does not exist, replaced by a fixed one

pdfTeX warning (dest): name{Hfootnote.5} has been referenced but does not exist, replaced by a fixed one

pdfTeX warning (dest): name{Hfootnote.4} has been referenced but does not exist, replaced by a fixed one

pdfTeX warning (dest): name{Hfootnote.3} has been referenced but does not exist, replaced by a fixed one

pdfTeX warning (dest): name{Hfootnote.2} has been referenced but does not exist, replaced by a fixed one

pdfTeX warning (dest): name{Hfootnote.1} has been referenced but does not exist, replaced by a fixed one

<C:/Program Files/MiKTeX 2.9/fonts/type1/public/amsfonts/cm/cmbx10.pfb><C:/Program Files/MiKTeX 2.9/fonts/type1/public/amsfonts/cm/cmbx9.pfb><C:/Program Files/MiKTeX 2.9/fonts/type1/public/amsfonts/cm/cmcsc10.pfb><C:/Program Files/MiKTeX 2.9/fonts/type1/public/amsfonts/cm/cmmi10.pfb><C:/Program Files/MiKTeX 2.9/fonts/type1/public/amsfonts/cm/cmmi6.pfb><C:/Program Files/MiKTeX 2.9/fonts/type1/public/amsfonts/cm/cmmi8.pfb><C:/Program Files/MiKTeX 2.9/fonts/type1/public/amsfonts/cm/cmr10.pfb><C:/Program Files/MiKTeX 2.9/fonts/type1/public/amsfonts/cm/cmr12.pfb><C:/Program Files/MiKTeX 2.9/fonts/type1/public/amsfonts/cm/cmr6.pfb><C:/Program Files/MiKTeX 2.9/fonts/type1/public/amsfonts/cm/cmr7.pfb><C:/Program Files/MiKTeX 2.9/fonts/type1/public/amsfonts/cm/cmr8.pfb><C:/Program Files/MiKTeX 2.9/fonts/type1/public/amsfonts/cm/cmr9.pfb><C:/Program Files/MiKTeX 2.9/fonts/type1/public/amsfonts/cm/cmti10.pfb><C:/Program Files/MiKTeX 2.9/fonts/type1/public/amsfonts/cm/cmti7.pfb><C:/Program Files/MiKTeX 2.9/fonts/type1/public/amsfonts/cm/cmti8.pfb><C:/Program Files/MiKTeX 2.9/fonts/type1/public/amsfonts/cm/cmtt8.pfb>
Output written on financeinequality.pdf (27 pages, 654979 bytes).
PDF statistics:
 534 PDF objects out of 1000 (max. 8388607)
 114 named destinations out of 1000 (max. 500000)
 100 words of extra memory for PDF output out of 10000 (max. 10000000)

